{"/Users/tnrich/Sites/openVectorEditor/app/actions/addAnnotations.test.js":{"path":"/Users/tnrich/Sites/openVectorEditor/app/actions/addAnnotations.test.js","s":{"1":1,"2":1,"3":1,"4":1,"5":1,"6":1,"7":1,"8":1,"9":1,"10":1,"11":1,"12":1,"13":1,"14":1},"b":{},"f":{"1":1,"2":1,"3":1},"fnMap":{"1":{"name":"(anonymous_1)","line":7,"loc":{"start":{"line":7,"column":27},"end":{"line":7,"column":38}}},"2":{"name":"(anonymous_2)","line":8,"loc":{"start":{"line":8,"column":43},"end":{"line":8,"column":54}}},"3":{"name":"(anonymous_3)","line":19,"loc":{"start":{"line":19,"column":40},"end":{"line":19,"column":51}}}},"statementMap":{"1":{"start":{"line":3,"column":0},"end":{"line":3,"column":65}},"2":{"start":{"line":4,"column":0},"end":{"line":4,"column":36}},"3":{"start":{"line":5,"column":0},"end":{"line":5,"column":55}},"4":{"start":{"line":7,"column":0},"end":{"line":31,"column":3}},"5":{"start":{"line":8,"column":4},"end":{"line":18,"column":7}},"6":{"start":{"line":10,"column":8},"end":{"line":14,"column":11}},"7":{"start":{"line":15,"column":8},"end":{"line":15,"column":48}},"8":{"start":{"line":16,"column":8},"end":{"line":16,"column":62}},"9":{"start":{"line":17,"column":8},"end":{"line":17,"column":80}},"10":{"start":{"line":19,"column":4},"end":{"line":29,"column":7}},"11":{"start":{"line":21,"column":8},"end":{"line":25,"column":11}},"12":{"start":{"line":26,"column":8},"end":{"line":26,"column":42}},"13":{"start":{"line":27,"column":8},"end":{"line":27,"column":59}},"14":{"start":{"line":28,"column":8},"end":{"line":28,"column":74}}},"branchMap":{}},"/Users/tnrich/Sites/openVectorEditor/app/actions/addAnnotations.js":{"path":"/Users/tnrich/Sites/openVectorEditor/app/actions/addAnnotations.js","s":{"1":1,"2":1,"3":1,"4":1,"5":1,"6":14,"7":14,"8":0,"9":14,"10":14,"11":14,"12":14,"13":0,"14":14,"15":14,"16":14,"17":0,"18":0,"19":0,"20":0,"21":14,"22":0,"23":0,"24":0,"25":0,"26":14},"b":{"1":[0,14],"2":[14,0],"3":[0,14],"4":[0,14],"5":[0,0],"6":[0,14],"7":[0,0]},"f":{"1":14,"2":14},"fnMap":{"1":{"name":"addAnnotations","line":7,"loc":{"start":{"line":7,"column":17},"end":{"line":7,"column":92}}},"2":{"name":"(anonymous_2)","line":13,"loc":{"start":{"line":13,"column":32},"end":{"line":13,"column":60}}}},"statementMap":{"1":{"start":{"line":1,"column":0},"end":{"line":1,"column":33}},"2":{"start":{"line":3,"column":0},"end":{"line":3,"column":36}},"3":{"start":{"line":4,"column":0},"end":{"line":4,"column":78}},"4":{"start":{"line":5,"column":0},"end":{"line":5,"column":49}},"5":{"start":{"line":7,"column":0},"end":{"line":40,"column":2}},"6":{"start":{"line":8,"column":4},"end":{"line":8,"column":77}},"7":{"start":{"line":9,"column":1},"end":{"line":11,"column":5}},"8":{"start":{"line":10,"column":8},"end":{"line":10,"column":57}},"9":{"start":{"line":12,"column":4},"end":{"line":12,"column":72}},"10":{"start":{"line":13,"column":4},"end":{"line":39,"column":7}},"11":{"start":{"line":14,"column":5},"end":{"line":21,"column":6}},"12":{"start":{"line":15,"column":6},"end":{"line":20,"column":7}},"13":{"start":{"line":16,"column":7},"end":{"line":16,"column":60}},"14":{"start":{"line":18,"column":7},"end":{"line":18,"column":56}},"15":{"start":{"line":19,"column":7},"end":{"line":19,"column":41}},"16":{"start":{"line":22,"column":5},"end":{"line":29,"column":6}},"17":{"start":{"line":23,"column":6},"end":{"line":28,"column":7}},"18":{"start":{"line":24,"column":7},"end":{"line":24,"column":59}},"19":{"start":{"line":26,"column":7},"end":{"line":26,"column":55}},"20":{"start":{"line":27,"column":7},"end":{"line":27,"column":36}},"21":{"start":{"line":30,"column":5},"end":{"line":37,"column":6}},"22":{"start":{"line":31,"column":6},"end":{"line":36,"column":7}},"23":{"start":{"line":32,"column":7},"end":{"line":32,"column":59}},"24":{"start":{"line":34,"column":7},"end":{"line":34,"column":55}},"25":{"start":{"line":35,"column":7},"end":{"line":35,"column":34}},"26":{"start":{"line":38,"column":5},"end":{"line":38,"column":48}}},"branchMap":{"1":{"line":9,"type":"if","locations":[{"start":{"line":9,"column":1},"end":{"line":9,"column":1}},{"start":{"line":9,"column":1},"end":{"line":9,"column":1}}]},"2":{"line":14,"type":"if","locations":[{"start":{"line":14,"column":5},"end":{"line":14,"column":5}},{"start":{"line":14,"column":5},"end":{"line":14,"column":5}}]},"3":{"line":15,"type":"if","locations":[{"start":{"line":15,"column":6},"end":{"line":15,"column":6}},{"start":{"line":15,"column":6},"end":{"line":15,"column":6}}]},"4":{"line":22,"type":"if","locations":[{"start":{"line":22,"column":5},"end":{"line":22,"column":5}},{"start":{"line":22,"column":5},"end":{"line":22,"column":5}}]},"5":{"line":23,"type":"if","locations":[{"start":{"line":23,"column":6},"end":{"line":23,"column":6}},{"start":{"line":23,"column":6},"end":{"line":23,"column":6}}]},"6":{"line":30,"type":"if","locations":[{"start":{"line":30,"column":5},"end":{"line":30,"column":5}},{"start":{"line":30,"column":5},"end":{"line":30,"column":5}}]},"7":{"line":31,"type":"if","locations":[{"start":{"line":31,"column":6},"end":{"line":31,"column":6}},{"start":{"line":31,"column":6},"end":{"line":31,"column":6}}]}}},"/Users/tnrich/Sites/openVectorEditor/app/ve-api-check/apiCheck.js":{"path":"/Users/tnrich/Sites/openVectorEditor/app/ve-api-check/apiCheck.js","s":{"1":1,"2":1,"3":1,"4":1,"5":37613,"6":0,"7":1,"8":1,"9":0,"10":0,"11":1,"12":1,"13":764,"14":1,"15":1,"16":1},"b":{"1":[0,37613],"2":[0,0],"3":[1,763],"4":[764,764]},"f":{"1":37613,"2":0,"3":764},"fnMap":{"1":{"name":"posInt","line":35,"loc":{"start":{"line":35,"column":0},"end":{"line":35,"column":38}}},"2":{"name":"posIntArray","line":41,"loc":{"start":{"line":41,"column":0},"end":{"line":41,"column":43}}},"3":{"name":"range","line":47,"loc":{"start":{"line":47,"column":0},"end":{"line":47,"column":37}}}},"statementMap":{"1":{"start":{"line":1,"column":0},"end":{"line":1,"column":78}},"2":{"start":{"line":2,"column":0},"end":{"line":2,"column":70}},"3":{"start":{"line":3,"column":0},"end":{"line":33,"column":3}},"4":{"start":{"line":35,"column":0},"end":{"line":39,"column":1}},"5":{"start":{"line":36,"column":4},"end":{"line":38,"column":5}},"6":{"start":{"line":37,"column":8},"end":{"line":37,"column":62}},"7":{"start":{"line":40,"column":0},"end":{"line":40,"column":38}},"8":{"start":{"line":41,"column":0},"end":{"line":45,"column":1}},"9":{"start":{"line":42,"column":4},"end":{"line":44,"column":5}},"10":{"start":{"line":43,"column":8},"end":{"line":43,"column":67}},"11":{"start":{"line":46,"column":0},"end":{"line":46,"column":53}},"12":{"start":{"line":47,"column":0},"end":{"line":51,"column":1}},"13":{"start":{"line":48,"column":4},"end":{"line":50,"column":5}},"14":{"start":{"line":49,"column":8},"end":{"line":49,"column":61}},"15":{"start":{"line":52,"column":0},"end":{"line":52,"column":46}},"16":{"start":{"line":54,"column":0},"end":{"line":54,"column":20}}},"branchMap":{"1":{"line":36,"type":"if","locations":[{"start":{"line":36,"column":4},"end":{"line":36,"column":4}},{"start":{"line":36,"column":4},"end":{"line":36,"column":4}}]},"2":{"line":42,"type":"if","locations":[{"start":{"line":42,"column":4},"end":{"line":42,"column":4}},{"start":{"line":42,"column":4},"end":{"line":42,"column":4}}]},"3":{"line":48,"type":"if","locations":[{"start":{"line":48,"column":4},"end":{"line":48,"column":4}},{"start":{"line":48,"column":4},"end":{"line":48,"column":4}}]},"4":{"line":48,"type":"binary-expr","locations":[{"start":{"line":48,"column":8},"end":{"line":48,"column":12}},{"start":{"line":48,"column":16},"end":{"line":48,"column":61}}]}}},"/Users/tnrich/Sites/openVectorEditor/app/baobabTree.js":{"path":"/Users/tnrich/Sites/openVectorEditor/app/baobabTree.js","s":{"1":1,"2":1,"3":1,"4":1,"5":1,"6":1,"7":1,"8":1,"9":1,"10":1,"11":1,"12":1,"13":1,"14":1,"15":23,"16":9,"17":9,"18":207,"19":9,"20":12,"21":8,"22":8,"23":8,"24":8,"25":23,"26":19,"27":6,"28":13,"29":23,"30":23,"31":23,"32":23,"33":23,"34":23,"35":1},"b":{"1":[22,1],"2":[6,13],"3":[19,18,18],"4":[23,0]},"f":{"1":1,"2":1,"3":23,"4":9,"5":207,"6":12,"7":8,"8":23,"9":19,"10":23,"11":23,"12":23,"13":23},"fnMap":{"1":{"name":"(anonymous_1)","line":88,"loc":{"start":{"line":88,"column":8},"end":{"line":88,"column":52}}},"2":{"name":"(anonymous_2)","line":94,"loc":{"start":{"line":94,"column":8},"end":{"line":94,"column":33}}},"3":{"name":"(anonymous_3)","line":95,"loc":{"start":{"line":95,"column":38},"end":{"line":95,"column":59}}},"4":{"name":"(anonymous_4)","line":108,"loc":{"start":{"line":108,"column":8},"end":{"line":108,"column":34}}},"5":{"name":"(anonymous_5)","line":110,"loc":{"start":{"line":110,"column":48},"end":{"line":110,"column":63}}},"6":{"name":"getTranslationsWithAminoAcids","line":119,"loc":{"start":{"line":119,"column":8},"end":{"line":119,"column":71}}},"7":{"name":"(anonymous_7)","line":120,"loc":{"start":{"line":120,"column":36},"end":{"line":120,"column":58}}},"8":{"name":"(anonymous_8)","line":130,"loc":{"start":{"line":130,"column":8},"end":{"line":130,"column":31}}},"9":{"name":"(anonymous_9)","line":137,"loc":{"start":{"line":137,"column":8},"end":{"line":137,"column":43}}},"10":{"name":"(anonymous_10)","line":155,"loc":{"start":{"line":155,"column":8},"end":{"line":155,"column":54}}},"11":{"name":"(anonymous_11)","line":165,"loc":{"start":{"line":165,"column":8},"end":{"line":165,"column":42}}},"12":{"name":"(anonymous_12)","line":172,"loc":{"start":{"line":172,"column":8},"end":{"line":172,"column":26}}},"13":{"name":"(anonymous_13)","line":181,"loc":{"start":{"line":181,"column":8},"end":{"line":181,"column":28}}}},"statementMap":{"1":{"start":{"line":1,"column":0},"end":{"line":1,"column":31}},"2":{"start":{"line":3,"column":0},"end":{"line":3,"column":68}},"3":{"start":{"line":4,"column":0},"end":{"line":4,"column":49}},"4":{"start":{"line":5,"column":0},"end":{"line":5,"column":71}},"5":{"start":{"line":6,"column":0},"end":{"line":6,"column":95}},"6":{"start":{"line":7,"column":0},"end":{"line":7,"column":45}},"7":{"start":{"line":8,"column":0},"end":{"line":8,"column":45}},"8":{"start":{"line":9,"column":0},"end":{"line":9,"column":78}},"9":{"start":{"line":10,"column":0},"end":{"line":10,"column":101}},"10":{"start":{"line":11,"column":0},"end":{"line":11,"column":83}},"11":{"start":{"line":12,"column":0},"end":{"line":12,"column":57}},"12":{"start":{"line":14,"column":0},"end":{"line":187,"column":3}},"13":{"start":{"line":89,"column":12},"end":{"line":89,"column":66}},"14":{"start":{"line":95,"column":12},"end":{"line":97,"column":15}},"15":{"start":{"line":96,"column":16},"end":{"line":96,"column":46}},"16":{"start":{"line":109,"column":12},"end":{"line":109,"column":35}},"17":{"start":{"line":110,"column":12},"end":{"line":112,"column":15}},"18":{"start":{"line":111,"column":16},"end":{"line":111,"column":58}},"19":{"start":{"line":113,"column":12},"end":{"line":113,"column":33}},"20":{"start":{"line":120,"column":12},"end":{"line":125,"column":15}},"21":{"start":{"line":121,"column":16},"end":{"line":121,"column":72}},"22":{"start":{"line":122,"column":16},"end":{"line":122,"column":75}},"23":{"start":{"line":123,"column":16},"end":{"line":123,"column":117}},"24":{"start":{"line":124,"column":16},"end":{"line":124,"column":49}},"25":{"start":{"line":131,"column":12},"end":{"line":131,"column":76}},"26":{"start":{"line":138,"column":12},"end":{"line":142,"column":13}},"27":{"start":{"line":139,"column":16},"end":{"line":139,"column":72}},"28":{"start":{"line":141,"column":16},"end":{"line":141,"column":26}},"29":{"start":{"line":156,"column":12},"end":{"line":159,"column":15}},"30":{"start":{"line":166,"column":12},"end":{"line":166,"column":43}},"31":{"start":{"line":167,"column":12},"end":{"line":167,"column":59}},"32":{"start":{"line":173,"column":12},"end":{"line":175,"column":13}},"33":{"start":{"line":174,"column":16},"end":{"line":174,"column":38}},"34":{"start":{"line":182,"column":12},"end":{"line":184,"column":14}},"35":{"start":{"line":189,"column":0},"end":{"line":189,"column":22}}},"branchMap":{"1":{"line":131,"type":"cond-expr","locations":[{"start":{"line":131,"column":43},"end":{"line":131,"column":71}},{"start":{"line":131,"column":74},"end":{"line":131,"column":75}}]},"2":{"line":138,"type":"if","locations":[{"start":{"line":138,"column":12},"end":{"line":138,"column":12}},{"start":{"line":138,"column":12},"end":{"line":138,"column":12}}]},"3":{"line":138,"type":"binary-expr","locations":[{"start":{"line":138,"column":16},"end":{"line":138,"column":24}},{"start":{"line":138,"column":28},"end":{"line":138,"column":42}},{"start":{"line":138,"column":46},"end":{"line":138,"column":69}}]},"4":{"line":173,"type":"if","locations":[{"start":{"line":173,"column":12},"end":{"line":173,"column":12}},{"start":{"line":173,"column":12},"end":{"line":173,"column":12}}]}}},"/Users/tnrich/Sites/openVectorEditor/app/sequenceDataWithOrfsAndTranslations.js":{"path":"/Users/tnrich/Sites/openVectorEditor/app/sequenceDataWithOrfsAndTranslations.js","s":{"1":1,"2":1,"3":10,"4":1,"5":1},"b":{},"f":{},"fnMap":{},"statementMap":{"1":{"start":{"line":1,"column":0},"end":{"line":1,"column":88}},"2":{"start":{"line":2,"column":0},"end":{"line":4,"column":1}},"3":{"start":{"line":3,"column":2},"end":{"line":3,"column":24}},"4":{"start":{"line":5,"column":0},"end":{"line":221,"column":2}},"5":{"start":{"line":243,"column":0},"end":{"line":243,"column":30}}},"branchMap":{}},"/Users/tnrich/Sites/openVectorEditor/app/prepareRowData.js":{"path":"/Users/tnrich/Sites/openVectorEditor/app/prepareRowData.js","s":{"1":1,"2":1,"3":1,"4":23,"5":23,"6":23,"7":23,"8":23,"9":23,"10":23,"11":23,"12":23,"13":2195,"14":2195,"15":2195,"16":2195,"17":2195,"18":2195,"19":2195,"20":2195,"21":2195,"22":2195,"23":23},"b":{"1":[23,1],"2":[2172,23],"3":[140,2055],"4":[10,2185],"5":[0,2195],"6":[9,2186]},"f":{"1":23},"fnMap":{"1":{"name":"prepareRowData","line":5,"loc":{"start":{"line":5,"column":17},"end":{"line":5,"column":66}}}},"statementMap":{"1":{"start":{"line":1,"column":0},"end":{"line":1,"column":33}},"2":{"start":{"line":3,"column":0},"end":{"line":3,"column":61}},"3":{"start":{"line":5,"column":0},"end":{"line":34,"column":1}},"4":{"start":{"line":6,"column":4},"end":{"line":11,"column":31}},"5":{"start":{"line":12,"column":4},"end":{"line":12,"column":54}},"6":{"start":{"line":13,"column":4},"end":{"line":13,"column":63}},"7":{"start":{"line":14,"column":4},"end":{"line":14,"column":18}},"8":{"start":{"line":15,"column":4},"end":{"line":15,"column":99}},"9":{"start":{"line":16,"column":4},"end":{"line":16,"column":93}},"10":{"start":{"line":17,"column":4},"end":{"line":17,"column":91}},"11":{"start":{"line":18,"column":4},"end":{"line":18,"column":107}},"12":{"start":{"line":20,"column":4},"end":{"line":32,"column":5}},"13":{"start":{"line":21,"column":8},"end":{"line":21,"column":21}},"14":{"start":{"line":22,"column":8},"end":{"line":22,"column":34}},"15":{"start":{"line":23,"column":8},"end":{"line":23,"column":42}},"16":{"start":{"line":24,"column":8},"end":{"line":24,"column":126}},"17":{"start":{"line":25,"column":8},"end":{"line":25,"column":77}},"18":{"start":{"line":26,"column":8},"end":{"line":26,"column":88}},"19":{"start":{"line":27,"column":8},"end":{"line":27,"column":79}},"20":{"start":{"line":28,"column":8},"end":{"line":28,"column":76}},"21":{"start":{"line":29,"column":8},"end":{"line":29,"column":100}},"22":{"start":{"line":31,"column":8},"end":{"line":31,"column":30}},"23":{"start":{"line":33,"column":4},"end":{"line":33,"column":16}}},"branchMap":{"1":{"line":13,"type":"binary-expr","locations":[{"start":{"line":13,"column":20},"end":{"line":13,"column":57}},{"start":{"line":13,"column":61},"end":{"line":13,"column":62}}]},"2":{"line":24,"type":"cond-expr","locations":[{"start":{"line":24,"column":71},"end":{"line":24,"column":104}},{"start":{"line":24,"column":107},"end":{"line":24,"column":125}}]},"3":{"line":26,"type":"cond-expr","locations":[{"start":{"line":26,"column":54},"end":{"line":26,"column":82}},{"start":{"line":26,"column":85},"end":{"line":26,"column":87}}]},"4":{"line":27,"type":"cond-expr","locations":[{"start":{"line":27,"column":48},"end":{"line":27,"column":73}},{"start":{"line":27,"column":76},"end":{"line":27,"column":78}}]},"5":{"line":28,"type":"cond-expr","locations":[{"start":{"line":28,"column":46},"end":{"line":28,"column":70}},{"start":{"line":28,"column":73},"end":{"line":28,"column":75}}]},"6":{"line":29,"type":"cond-expr","locations":[{"start":{"line":29,"column":62},"end":{"line":29,"column":94}},{"start":{"line":29,"column":97},"end":{"line":29,"column":99}}]}}},"/Users/tnrich/Sites/openVectorEditor/app/mapAnnotationsToRows.js":{"path":"/Users/tnrich/Sites/openVectorEditor/app/mapAnnotationsToRows.js","s":{"1":1,"2":1,"3":1,"4":1,"5":1,"6":1,"7":1,"8":92,"9":92,"10":92,"11":58,"12":0,"13":58,"14":92,"15":1,"16":58,"17":58,"18":58,"19":68,"20":68,"21":68,"22":194,"23":159,"24":194,"25":194,"26":194,"27":194,"28":1,"29":194,"30":194,"31":46,"32":30,"33":194,"34":194,"35":30,"36":30,"37":30,"38":30,"39":30,"40":60,"41":30,"42":30,"43":194,"44":1,"45":58,"46":0,"47":58,"48":58,"49":10,"50":10,"51":48,"52":58},"b":{"1":[0,58],"2":[159,35],"3":[68,126],"4":[68,126],"5":[30,16],"6":[30,164],"7":[30,30],"8":[0,58],"9":[10,48]},"f":{"1":92,"2":58,"3":58,"4":68,"5":194,"6":46,"7":30,"8":58},"fnMap":{"1":{"name":"mapAnnotationsToRows","line":9,"loc":{"start":{"line":9,"column":17},"end":{"line":9,"column":87}}},"2":{"name":"(anonymous_2)","line":13,"loc":{"start":{"line":13,"column":20},"end":{"line":13,"column":41}}},"3":{"name":"mapAnnotationToRows","line":22,"loc":{"start":{"line":22,"column":0},"end":{"line":22,"column":90}}},"4":{"name":"(anonymous_4)","line":25,"loc":{"start":{"line":25,"column":17},"end":{"line":25,"column":33}}},"5":{"name":"calculateNecessaryYOffsetForAnnotationInRow","line":58,"loc":{"start":{"line":58,"column":0},"end":{"line":58,"column":90}}},"6":{"name":"(anonymous_6)","line":61,"loc":{"start":{"line":61,"column":37},"end":{"line":61,"column":63}}},"7":{"name":"(anonymous_7)","line":79,"loc":{"start":{"line":79,"column":56},"end":{"line":79,"column":68}}},"8":{"name":"splitRangeOnOrigin","line":101,"loc":{"start":{"line":101,"column":0},"end":{"line":101,"column":51}}}},"statementMap":{"1":{"start":{"line":1,"column":0},"end":{"line":1,"column":33}},"2":{"start":{"line":3,"column":0},"end":{"line":3,"column":45}},"3":{"start":{"line":4,"column":0},"end":{"line":4,"column":49}},"4":{"start":{"line":5,"column":0},"end":{"line":5,"column":40}},"5":{"start":{"line":6,"column":0},"end":{"line":6,"column":78}},"6":{"start":{"line":7,"column":0},"end":{"line":7,"column":96}},"7":{"start":{"line":9,"column":0},"end":{"line":20,"column":2}},"8":{"start":{"line":10,"column":2},"end":{"line":10,"column":54}},"9":{"start":{"line":11,"column":2},"end":{"line":11,"column":32}},"10":{"start":{"line":13,"column":2},"end":{"line":18,"column":5}},"11":{"start":{"line":14,"column":4},"end":{"line":16,"column":5}},"12":{"start":{"line":15,"column":6},"end":{"line":15,"column":40}},"13":{"start":{"line":17,"column":4},"end":{"line":17,"column":85}},"14":{"start":{"line":19,"column":2},"end":{"line":19,"column":30}},"15":{"start":{"line":22,"column":0},"end":{"line":55,"column":1}},"16":{"start":{"line":23,"column":2},"end":{"line":23,"column":67}},"17":{"start":{"line":24,"column":2},"end":{"line":24,"column":62}},"18":{"start":{"line":25,"column":2},"end":{"line":53,"column":5}},"19":{"start":{"line":27,"column":4},"end":{"line":27,"column":58}},"20":{"start":{"line":28,"column":4},"end":{"line":28,"column":54}},"21":{"start":{"line":30,"column":4},"end":{"line":52,"column":5}},"22":{"start":{"line":31,"column":6},"end":{"line":33,"column":7}},"23":{"start":{"line":32,"column":8},"end":{"line":32,"column":45}},"24":{"start":{"line":35,"column":6},"end":{"line":35,"column":82}},"25":{"start":{"line":36,"column":6},"end":{"line":36,"column":92}},"26":{"start":{"line":38,"column":6},"end":{"line":42,"column":9}},"27":{"start":{"line":44,"column":6},"end":{"line":51,"column":9}},"28":{"start":{"line":58,"column":0},"end":{"line":98,"column":1}},"29":{"start":{"line":59,"column":2},"end":{"line":59,"column":27}},"30":{"start":{"line":61,"column":2},"end":{"line":73,"column":5}},"31":{"start":{"line":69,"column":4},"end":{"line":71,"column":5}},"32":{"start":{"line":70,"column":6},"end":{"line":70,"column":52}},"33":{"start":{"line":75,"column":2},"end":{"line":75,"column":21}},"34":{"start":{"line":78,"column":2},"end":{"line":96,"column":3}},"35":{"start":{"line":79,"column":4},"end":{"line":81,"column":7}},"36":{"start":{"line":80,"column":6},"end":{"line":80,"column":15}},"37":{"start":{"line":82,"column":4},"end":{"line":82,"column":72}},"38":{"start":{"line":83,"column":4},"end":{"line":83,"column":39}},"39":{"start":{"line":84,"column":4},"end":{"line":95,"column":5}},"40":{"start":{"line":88,"column":6},"end":{"line":94,"column":7}},"41":{"start":{"line":90,"column":8},"end":{"line":90,"column":40}},"42":{"start":{"line":93,"column":8},"end":{"line":93,"column":21}},"43":{"start":{"line":97,"column":2},"end":{"line":97,"column":20}},"44":{"start":{"line":101,"column":0},"end":{"line":125,"column":1}},"45":{"start":{"line":102,"column":2},"end":{"line":104,"column":3}},"46":{"start":{"line":103,"column":4},"end":{"line":103,"column":38}},"47":{"start":{"line":105,"column":2},"end":{"line":105,"column":18}},"48":{"start":{"line":106,"column":2},"end":{"line":123,"column":3}},"49":{"start":{"line":107,"column":4},"end":{"line":111,"column":7}},"50":{"start":{"line":112,"column":4},"end":{"line":116,"column":7}},"51":{"start":{"line":118,"column":4},"end":{"line":122,"column":7}},"52":{"start":{"line":124,"column":2},"end":{"line":124,"column":16}}},"branchMap":{"1":{"line":14,"type":"if","locations":[{"start":{"line":14,"column":4},"end":{"line":14,"column":4}},{"start":{"line":14,"column":4},"end":{"line":14,"column":4}}]},"2":{"line":31,"type":"if","locations":[{"start":{"line":31,"column":6},"end":{"line":31,"column":6}},{"start":{"line":31,"column":6},"end":{"line":31,"column":6}}]},"3":{"line":35,"type":"cond-expr","locations":[{"start":{"line":35,"column":46},"end":{"line":35,"column":57}},{"start":{"line":35,"column":60},"end":{"line":35,"column":81}}]},"4":{"line":36,"type":"cond-expr","locations":[{"start":{"line":36,"column":42},"end":{"line":36,"column":51}},{"start":{"line":36,"column":54},"end":{"line":36,"column":91}}]},"5":{"line":69,"type":"if","locations":[{"start":{"line":69,"column":4},"end":{"line":69,"column":4}},{"start":{"line":69,"column":4},"end":{"line":69,"column":4}}]},"6":{"line":78,"type":"if","locations":[{"start":{"line":78,"column":2},"end":{"line":78,"column":2}},{"start":{"line":78,"column":2},"end":{"line":78,"column":2}}]},"7":{"line":88,"type":"if","locations":[{"start":{"line":88,"column":6},"end":{"line":88,"column":6}},{"start":{"line":88,"column":6},"end":{"line":88,"column":6}}]},"8":{"line":102,"type":"if","locations":[{"start":{"line":102,"column":2},"end":{"line":102,"column":2}},{"start":{"line":102,"column":2},"end":{"line":102,"column":2}}]},"9":{"line":106,"type":"if","locations":[{"start":{"line":106,"column":2},"end":{"line":106,"column":2}},{"start":{"line":106,"column":2},"end":{"line":106,"column":2}}]}}},"/Users/tnrich/Sites/openVectorEditor/app/ve-range-utils/checkIfNonCircularRangesOverlap.js":{"path":"/Users/tnrich/Sites/openVectorEditor/app/ve-range-utils/checkIfNonCircularRangesOverlap.js","s":{"1":1,"2":1,"3":51,"4":51,"5":4,"6":1,"7":3,"8":47,"9":17,"10":30},"b":{"1":[4,47],"2":[1,3],"3":[17,30]},"f":{"1":51},"fnMap":{"1":{"name":"checkIfNonCircularRangesOverlap","line":3,"loc":{"start":{"line":3,"column":17},"end":{"line":3,"column":82}}}},"statementMap":{"1":{"start":{"line":1,"column":0},"end":{"line":1,"column":33}},"2":{"start":{"line":3,"column":0},"end":{"line":30,"column":2}},"3":{"start":{"line":4,"column":2},"end":{"line":4,"column":44}},"4":{"start":{"line":5,"column":2},"end":{"line":29,"column":3}},"5":{"start":{"line":6,"column":4},"end":{"line":16,"column":5}},"6":{"start":{"line":10,"column":6},"end":{"line":10,"column":19}},"7":{"start":{"line":15,"column":6},"end":{"line":15,"column":18}},"8":{"start":{"line":18,"column":4},"end":{"line":28,"column":5}},"9":{"start":{"line":22,"column":6},"end":{"line":22,"column":19}},"10":{"start":{"line":27,"column":6},"end":{"line":27,"column":18}}},"branchMap":{"1":{"line":5,"type":"if","locations":[{"start":{"line":5,"column":2},"end":{"line":5,"column":2}},{"start":{"line":5,"column":2},"end":{"line":5,"column":2}}]},"2":{"line":6,"type":"if","locations":[{"start":{"line":6,"column":4},"end":{"line":6,"column":4}},{"start":{"line":6,"column":4},"end":{"line":6,"column":4}}]},"3":{"line":18,"type":"if","locations":[{"start":{"line":18,"column":4},"end":{"line":18,"column":4}},{"start":{"line":18,"column":4},"end":{"line":18,"column":4}}]}}},"/Users/tnrich/Sites/openVectorEditor/app/ve-sequence-utils/findOrfsInPlasmid.js":{"path":"/Users/tnrich/Sites/openVectorEditor/app/ve-sequence-utils/findOrfsInPlasmid.js","s":{"1":1,"2":1,"3":9,"4":9,"5":9},"b":{},"f":{"1":9},"fnMap":{"1":{"name":"findOrfsInPlasmid","line":2,"loc":{"start":{"line":2,"column":17},"end":{"line":2,"column":80}}}},"statementMap":{"1":{"start":{"line":1,"column":0},"end":{"line":1,"column":62}},"2":{"start":{"line":2,"column":0},"end":{"line":18,"column":2}},"3":{"start":{"line":5,"column":1},"end":{"line":10,"column":4}},"4":{"start":{"line":11,"column":1},"end":{"line":16,"column":4}},"5":{"start":{"line":17,"column":1},"end":{"line":17,"column":40}}},"branchMap":{}},"/Users/tnrich/Sites/openVectorEditor/app/ve-sequence-utils/getOrfsFromSequence.js":{"path":"/Users/tnrich/Sites/openVectorEditor/app/ve-sequence-utils/getOrfsFromSequence.js","s":{"1":1,"2":1,"3":1,"4":1,"5":25,"6":25,"7":25,"8":25,"9":25,"10":25,"11":25,"12":25,"13":12,"14":25,"15":2,"16":25,"17":25,"18":25,"19":25,"20":6215,"21":6215,"22":6215,"23":6215,"24":7,"25":7,"26":7,"27":0,"28":7,"29":7,"30":25,"31":25,"32":7,"33":7,"34":2,"35":2,"36":2,"37":5,"38":5,"39":2,"40":2,"41":2,"42":25,"43":7,"44":5,"45":25},"b":{"1":[12,13],"2":[2,23],"3":[6215,0],"4":[7,6208],"5":[0,7],"6":[7,0],"7":[2,5],"8":[1,1],"9":[2,3],"10":[5,2]},"f":{"1":25,"2":7,"3":7},"fnMap":{"1":{"name":"getOrfsFromSequence","line":15,"loc":{"start":{"line":15,"column":17},"end":{"line":15,"column":55}}},"2":{"name":"(anonymous_2)","line":77,"loc":{"start":{"line":77,"column":22},"end":{"line":77,"column":43}}},"3":{"name":"(anonymous_3)","line":99,"loc":{"start":{"line":99,"column":50},"end":{"line":99,"column":64}}}},"statementMap":{"1":{"start":{"line":3,"column":0},"end":{"line":3,"column":40}},"2":{"start":{"line":4,"column":0},"end":{"line":4,"column":89}},"3":{"start":{"line":5,"column":0},"end":{"line":5,"column":33}},"4":{"start":{"line":15,"column":0},"end":{"line":105,"column":2}},"5":{"start":{"line":16,"column":4},"end":{"line":21,"column":20}},"6":{"start":{"line":24,"column":4},"end":{"line":24,"column":36}},"7":{"start":{"line":25,"column":4},"end":{"line":25,"column":48}},"8":{"start":{"line":26,"column":4},"end":{"line":26,"column":34}},"9":{"start":{"line":27,"column":4},"end":{"line":27,"column":36}},"10":{"start":{"line":29,"column":4},"end":{"line":29,"column":44}},"11":{"start":{"line":30,"column":4},"end":{"line":30,"column":49}},"12":{"start":{"line":31,"column":4},"end":{"line":34,"column":5}},"13":{"start":{"line":33,"column":8},"end":{"line":33,"column":64}},"14":{"start":{"line":36,"column":4},"end":{"line":39,"column":5}},"15":{"start":{"line":38,"column":8},"end":{"line":38,"column":29}},"16":{"start":{"line":40,"column":4},"end":{"line":40,"column":68}},"17":{"start":{"line":42,"column":4},"end":{"line":42,"column":10}},"18":{"start":{"line":43,"column":4},"end":{"line":43,"column":23}},"19":{"start":{"line":45,"column":4},"end":{"line":73,"column":5}},"20":{"start":{"line":47,"column":8},"end":{"line":49,"column":9}},"21":{"start":{"line":48,"column":12},"end":{"line":48,"column":27}},"22":{"start":{"line":51,"column":8},"end":{"line":51,"column":36}},"23":{"start":{"line":52,"column":8},"end":{"line":72,"column":9}},"24":{"start":{"line":54,"column":12},"end":{"line":54,"column":32}},"25":{"start":{"line":55,"column":12},"end":{"line":55,"column":44}},"26":{"start":{"line":57,"column":12},"end":{"line":59,"column":13}},"27":{"start":{"line":58,"column":16},"end":{"line":58,"column":46}},"28":{"start":{"line":60,"column":12},"end":{"line":71,"column":13}},"29":{"start":{"line":62,"column":16},"end":{"line":70,"column":19}},"30":{"start":{"line":76,"column":4},"end":{"line":76,"column":21}},"31":{"start":{"line":77,"column":4},"end":{"line":98,"column":7}},"32":{"start":{"line":78,"column":8},"end":{"line":78,"column":57}},"33":{"start":{"line":80,"column":8},"end":{"line":97,"column":9}},"34":{"start":{"line":81,"column":12},"end":{"line":81,"column":103}},"35":{"start":{"line":83,"column":12},"end":{"line":83,"column":105}},"36":{"start":{"line":85,"column":12},"end":{"line":85,"column":30}},"37":{"start":{"line":87,"column":12},"end":{"line":87,"column":37}},"38":{"start":{"line":88,"column":12},"end":{"line":96,"column":13}},"39":{"start":{"line":93,"column":16},"end":{"line":93,"column":40}},"40":{"start":{"line":94,"column":16},"end":{"line":94,"column":65}},"41":{"start":{"line":95,"column":16},"end":{"line":95,"column":67}},"42":{"start":{"line":99,"column":4},"end":{"line":103,"column":7}},"43":{"start":{"line":100,"column":8},"end":{"line":102,"column":9}},"44":{"start":{"line":101,"column":12},"end":{"line":101,"column":24}},"45":{"start":{"line":104,"column":4},"end":{"line":104,"column":34}}},"branchMap":{"1":{"line":31,"type":"if","locations":[{"start":{"line":31,"column":4},"end":{"line":31,"column":4}},{"start":{"line":31,"column":4},"end":{"line":31,"column":4}}]},"2":{"line":36,"type":"if","locations":[{"start":{"line":36,"column":4},"end":{"line":36,"column":4}},{"start":{"line":36,"column":4},"end":{"line":36,"column":4}}]},"3":{"line":47,"type":"if","locations":[{"start":{"line":47,"column":8},"end":{"line":47,"column":8}},{"start":{"line":47,"column":8},"end":{"line":47,"column":8}}]},"4":{"line":52,"type":"if","locations":[{"start":{"line":52,"column":8},"end":{"line":52,"column":8}},{"start":{"line":52,"column":8},"end":{"line":52,"column":8}}]},"5":{"line":57,"type":"if","locations":[{"start":{"line":57,"column":12},"end":{"line":57,"column":12}},{"start":{"line":57,"column":12},"end":{"line":57,"column":12}}]},"6":{"line":60,"type":"if","locations":[{"start":{"line":60,"column":12},"end":{"line":60,"column":12}},{"start":{"line":60,"column":12},"end":{"line":60,"column":12}}]},"7":{"line":80,"type":"if","locations":[{"start":{"line":80,"column":8},"end":{"line":80,"column":8}},{"start":{"line":80,"column":8},"end":{"line":80,"column":8}}]},"8":{"line":81,"type":"cond-expr","locations":[{"start":{"line":81,"column":52},"end":{"line":81,"column":61}},{"start":{"line":81,"column":64},"end":{"line":81,"column":102}}]},"9":{"line":88,"type":"if","locations":[{"start":{"line":88,"column":12},"end":{"line":88,"column":12}},{"start":{"line":88,"column":12},"end":{"line":88,"column":12}}]},"10":{"line":100,"type":"if","locations":[{"start":{"line":100,"column":8},"end":{"line":100,"column":8}},{"start":{"line":100,"column":8},"end":{"line":100,"column":8}}]}}},"/Users/tnrich/Sites/openVectorEditor/app/ve-sequence-utils/getReverseComplementSequenceString.js":{"path":"/Users/tnrich/Sites/openVectorEditor/app/ve-sequence-utils/getReverseComplementSequenceString.js","s":{"1":1,"2":1,"3":1,"4":46,"5":46,"6":46,"7":290285,"8":290285,"9":3,"10":290285,"11":46},"b":{"1":[3,290282]},"f":{"1":46},"fnMap":{"1":{"name":"getReverseComplementSequenceString","line":4,"loc":{"start":{"line":4,"column":17},"end":{"line":4,"column":72}}}},"statementMap":{"1":{"start":{"line":1,"column":0},"end":{"line":1,"column":67}},"2":{"start":{"line":2,"column":0},"end":{"line":2,"column":33}},"3":{"start":{"line":4,"column":0},"end":{"line":16,"column":2}},"4":{"start":{"line":5,"column":1},"end":{"line":5,"column":33}},"5":{"start":{"line":6,"column":1},"end":{"line":6,"column":42}},"6":{"start":{"line":7,"column":1},"end":{"line":14,"column":2}},"7":{"start":{"line":8,"column":2},"end":{"line":8,"column":53}},"8":{"start":{"line":9,"column":2},"end":{"line":12,"column":3}},"9":{"start":{"line":10,"column":3},"end":{"line":10,"column":25}},"10":{"start":{"line":13,"column":2},"end":{"line":13,"column":44}},"11":{"start":{"line":15,"column":1},"end":{"line":15,"column":40}}},"branchMap":{"1":{"line":9,"type":"if","locations":[{"start":{"line":9,"column":2},"end":{"line":9,"column":2}},{"start":{"line":9,"column":2},"end":{"line":9,"column":2}}]}}},"/Users/tnrich/Sites/openVectorEditor/app/ve-sequence-utils/DNAReverseComplementMap.js":{"path":"/Users/tnrich/Sites/openVectorEditor/app/ve-sequence-utils/DNAReverseComplementMap.js","s":{"1":1,"2":1},"b":{},"f":{},"fnMap":{},"statementMap":{"1":{"start":{"line":1,"column":0},"end":{"line":11,"column":2}},"2":{"start":{"line":12,"column":0},"end":{"line":12,"column":41}}},"branchMap":{}},"/Users/tnrich/Sites/openVectorEditor/app/ve-sequence-utils/validateAndTidyUpSequenceData.js":{"path":"/Users/tnrich/Sites/openVectorEditor/app/ve-sequence-utils/validateAndTidyUpSequenceData.js","s":{"1":1,"2":1,"3":1,"4":1,"5":1,"6":19,"7":19,"8":19,"9":0,"10":0,"11":0,"12":0,"13":19,"14":5,"15":0,"16":5,"17":5,"18":19,"19":19,"20":18,"21":1,"22":19,"23":13,"24":0,"25":13,"26":13,"27":19,"28":15,"29":0,"30":15,"31":15,"32":19,"33":14,"34":0,"35":14,"36":14,"37":19,"38":19,"39":19,"40":19,"41":1,"42":18,"43":0,"44":0,"45":18,"46":18,"47":18,"48":5,"49":5,"50":18,"51":0,"52":0,"53":18,"54":0,"55":0,"56":18,"57":0,"58":0,"59":18,"60":18,"61":18,"62":15,"63":3,"64":18,"65":962,"66":0,"67":0,"68":5,"69":5,"70":18},"b":{"1":[0,19],"2":[0,0],"3":[5,14],"4":[19,6],"5":[0,5],"6":[18,1],"7":[19,19,19],"8":[13,6],"9":[0,13],"10":[15,4],"11":[0,15],"12":[14,5],"13":[0,14],"14":[0,18],"15":[18,18],"16":[5,13],"17":[18,13],"18":[0,18],"19":[18,18],"20":[0,18],"21":[18,18],"22":[0,18],"23":[18,0],"24":[18,0],"25":[15,3],"26":[18,14,14,3,3],"27":[5,13],"28":[18,13,13],"29":[0,962]},"f":{"1":19,"2":18,"3":962},"fnMap":{"1":{"name":"validateAndTidyUpSequenceData","line":6,"loc":{"start":{"line":6,"column":17},"end":{"line":6,"column":79}}},"2":{"name":"cleanUpAnnotation","line":66,"loc":{"start":{"line":66,"column":4},"end":{"line":66,"column":43}}},"3":{"name":"(anonymous_3)","line":100,"loc":{"start":{"line":100,"column":89},"end":{"line":100,"column":111}}}},"statementMap":{"1":{"start":{"line":2,"column":0},"end":{"line":2,"column":45}},"2":{"start":{"line":3,"column":0},"end":{"line":3,"column":42}},"3":{"start":{"line":4,"column":0},"end":{"line":4,"column":48}},"4":{"start":{"line":5,"column":0},"end":{"line":5,"column":78}},"5":{"start":{"line":6,"column":0},"end":{"line":111,"column":2}},"6":{"start":{"line":7,"column":4},"end":{"line":7,"column":44}},"7":{"start":{"line":8,"column":4},"end":{"line":10,"column":6}},"8":{"start":{"line":11,"column":4},"end":{"line":18,"column":5}},"9":{"start":{"line":12,"column":8},"end":{"line":16,"column":9}},"10":{"start":{"line":13,"column":12},"end":{"line":13,"column":58}},"11":{"start":{"line":15,"column":12},"end":{"line":15,"column":55}},"12":{"start":{"line":17,"column":8},"end":{"line":17,"column":26}},"13":{"start":{"line":19,"column":4},"end":{"line":26,"column":5}},"14":{"start":{"line":20,"column":8},"end":{"line":24,"column":9}},"15":{"start":{"line":21,"column":12},"end":{"line":21,"column":39}},"16":{"start":{"line":23,"column":12},"end":{"line":23,"column":36}},"17":{"start":{"line":25,"column":8},"end":{"line":25,"column":35}},"18":{"start":{"line":28,"column":4},"end":{"line":28,"column":53}},"19":{"start":{"line":30,"column":4},"end":{"line":34,"column":5}},"20":{"start":{"line":31,"column":8},"end":{"line":31,"column":38}},"21":{"start":{"line":33,"column":8},"end":{"line":33,"column":37}},"22":{"start":{"line":35,"column":4},"end":{"line":42,"column":5}},"23":{"start":{"line":36,"column":8},"end":{"line":40,"column":9}},"24":{"start":{"line":37,"column":12},"end":{"line":37,"column":50}},"25":{"start":{"line":39,"column":12},"end":{"line":39,"column":47}},"26":{"start":{"line":41,"column":8},"end":{"line":41,"column":35}},"27":{"start":{"line":43,"column":4},"end":{"line":50,"column":5}},"28":{"start":{"line":44,"column":8},"end":{"line":48,"column":9}},"29":{"start":{"line":45,"column":12},"end":{"line":45,"column":47}},"30":{"start":{"line":47,"column":12},"end":{"line":47,"column":44}},"31":{"start":{"line":49,"column":8},"end":{"line":49,"column":32}},"32":{"start":{"line":51,"column":4},"end":{"line":58,"column":5}},"33":{"start":{"line":52,"column":8},"end":{"line":56,"column":9}},"34":{"start":{"line":53,"column":12},"end":{"line":53,"column":54}},"35":{"start":{"line":55,"column":12},"end":{"line":55,"column":51}},"36":{"start":{"line":57,"column":8},"end":{"line":57,"column":39}},"37":{"start":{"line":60,"column":4},"end":{"line":60,"column":76}},"38":{"start":{"line":61,"column":4},"end":{"line":61,"column":70}},"39":{"start":{"line":62,"column":4},"end":{"line":62,"column":84}},"40":{"start":{"line":64,"column":4},"end":{"line":64,"column":24}},"41":{"start":{"line":66,"column":4},"end":{"line":110,"column":5}},"42":{"start":{"line":67,"column":8},"end":{"line":70,"column":9}},"43":{"start":{"line":68,"column":12},"end":{"line":68,"column":78}},"44":{"start":{"line":69,"column":12},"end":{"line":69,"column":25}},"45":{"start":{"line":71,"column":8},"end":{"line":71,"column":54}},"46":{"start":{"line":72,"column":8},"end":{"line":72,"column":50}},"47":{"start":{"line":74,"column":8},"end":{"line":77,"column":9}},"48":{"start":{"line":75,"column":12},"end":{"line":75,"column":120}},"49":{"start":{"line":76,"column":12},"end":{"line":76,"column":52}},"50":{"start":{"line":78,"column":8},"end":{"line":81,"column":9}},"51":{"start":{"line":79,"column":12},"end":{"line":79,"column":139}},"52":{"start":{"line":80,"column":12},"end":{"line":80,"column":33}},"53":{"start":{"line":82,"column":8},"end":{"line":85,"column":9}},"54":{"start":{"line":83,"column":12},"end":{"line":83,"column":136}},"55":{"start":{"line":84,"column":12},"end":{"line":84,"column":31}},"56":{"start":{"line":86,"column":8},"end":{"line":89,"column":9}},"57":{"start":{"line":87,"column":12},"end":{"line":87,"column":117}},"58":{"start":{"line":88,"column":12},"end":{"line":88,"column":31}},"59":{"start":{"line":90,"column":8},"end":{"line":92,"column":9}},"60":{"start":{"line":91,"column":12},"end":{"line":91,"column":45}},"61":{"start":{"line":94,"column":8},"end":{"line":98,"column":9}},"62":{"start":{"line":95,"column":12},"end":{"line":95,"column":38}},"63":{"start":{"line":97,"column":10},"end":{"line":97,"column":37}},"64":{"start":{"line":100,"column":8},"end":{"line":108,"column":9}},"65":{"start":{"line":101,"column":16},"end":{"line":104,"column":17}},"66":{"start":{"line":102,"column":20},"end":{"line":102,"column":50}},"67":{"start":{"line":103,"column":20},"end":{"line":103,"column":32}},"68":{"start":{"line":106,"column":12},"end":{"line":106,"column":151}},"69":{"start":{"line":107,"column":12},"end":{"line":107,"column":45}},"70":{"start":{"line":109,"column":8},"end":{"line":109,"column":20}}},"branchMap":{"1":{"line":11,"type":"if","locations":[{"start":{"line":11,"column":4},"end":{"line":11,"column":4}},{"start":{"line":11,"column":4},"end":{"line":11,"column":4}}]},"2":{"line":12,"type":"if","locations":[{"start":{"line":12,"column":8},"end":{"line":12,"column":8}},{"start":{"line":12,"column":8},"end":{"line":12,"column":8}}]},"3":{"line":19,"type":"if","locations":[{"start":{"line":19,"column":4},"end":{"line":19,"column":4}},{"start":{"line":19,"column":4},"end":{"line":19,"column":4}}]},"4":{"line":19,"type":"binary-expr","locations":[{"start":{"line":19,"column":8},"end":{"line":19,"column":30}},{"start":{"line":19,"column":34},"end":{"line":19,"column":62}}]},"5":{"line":20,"type":"if","locations":[{"start":{"line":20,"column":8},"end":{"line":20,"column":8}},{"start":{"line":20,"column":8},"end":{"line":20,"column":8}}]},"6":{"line":30,"type":"if","locations":[{"start":{"line":30,"column":4},"end":{"line":30,"column":4}},{"start":{"line":30,"column":4},"end":{"line":30,"column":4}}]},"7":{"line":30,"type":"binary-expr","locations":[{"start":{"line":30,"column":8},"end":{"line":30,"column":41}},{"start":{"line":30,"column":45},"end":{"line":30,"column":72}},{"start":{"line":30,"column":76},"end":{"line":30,"column":98}}]},"8":{"line":35,"type":"if","locations":[{"start":{"line":35,"column":4},"end":{"line":35,"column":4}},{"start":{"line":35,"column":4},"end":{"line":35,"column":4}}]},"9":{"line":36,"type":"if","locations":[{"start":{"line":36,"column":8},"end":{"line":36,"column":8}},{"start":{"line":36,"column":8},"end":{"line":36,"column":8}}]},"10":{"line":43,"type":"if","locations":[{"start":{"line":43,"column":4},"end":{"line":43,"column":4}},{"start":{"line":43,"column":4},"end":{"line":43,"column":4}}]},"11":{"line":44,"type":"if","locations":[{"start":{"line":44,"column":8},"end":{"line":44,"column":8}},{"start":{"line":44,"column":8},"end":{"line":44,"column":8}}]},"12":{"line":51,"type":"if","locations":[{"start":{"line":51,"column":4},"end":{"line":51,"column":4}},{"start":{"line":51,"column":4},"end":{"line":51,"column":4}}]},"13":{"line":52,"type":"if","locations":[{"start":{"line":52,"column":8},"end":{"line":52,"column":8}},{"start":{"line":52,"column":8},"end":{"line":52,"column":8}}]},"14":{"line":67,"type":"if","locations":[{"start":{"line":67,"column":8},"end":{"line":67,"column":8}},{"start":{"line":67,"column":8},"end":{"line":67,"column":8}}]},"15":{"line":67,"type":"binary-expr","locations":[{"start":{"line":67,"column":12},"end":{"line":67,"column":23}},{"start":{"line":67,"column":27},"end":{"line":67,"column":57}}]},"16":{"line":74,"type":"if","locations":[{"start":{"line":74,"column":8},"end":{"line":74,"column":8}},{"start":{"line":74,"column":8},"end":{"line":74,"column":8}}]},"17":{"line":74,"type":"binary-expr","locations":[{"start":{"line":74,"column":12},"end":{"line":74,"column":28}},{"start":{"line":74,"column":32},"end":{"line":74,"column":67}}]},"18":{"line":78,"type":"if","locations":[{"start":{"line":78,"column":8},"end":{"line":78,"column":8}},{"start":{"line":78,"column":8},"end":{"line":78,"column":8}}]},"19":{"line":78,"type":"binary-expr","locations":[{"start":{"line":78,"column":12},"end":{"line":78,"column":55}},{"start":{"line":78,"column":59},"end":{"line":78,"column":99}}]},"20":{"line":82,"type":"if","locations":[{"start":{"line":82,"column":8},"end":{"line":82,"column":8}},{"start":{"line":82,"column":8},"end":{"line":82,"column":8}}]},"21":{"line":82,"type":"binary-expr","locations":[{"start":{"line":82,"column":12},"end":{"line":82,"column":53}},{"start":{"line":82,"column":57},"end":{"line":82,"column":95}}]},"22":{"line":86,"type":"if","locations":[{"start":{"line":86,"column":8},"end":{"line":86,"column":8}},{"start":{"line":86,"column":8},"end":{"line":86,"column":8}}]},"23":{"line":86,"type":"binary-expr","locations":[{"start":{"line":86,"column":12},"end":{"line":86,"column":45}},{"start":{"line":86,"column":49},"end":{"line":86,"column":80}}]},"24":{"line":90,"type":"if","locations":[{"start":{"line":90,"column":8},"end":{"line":90,"column":8}},{"start":{"line":90,"column":8},"end":{"line":90,"column":8}}]},"25":{"line":94,"type":"if","locations":[{"start":{"line":94,"column":8},"end":{"line":94,"column":8}},{"start":{"line":94,"column":8},"end":{"line":94,"column":8}}]},"26":{"line":94,"type":"binary-expr","locations":[{"start":{"line":94,"column":12},"end":{"line":94,"column":39}},{"start":{"line":94,"column":43},"end":{"line":94,"column":72}},{"start":{"line":94,"column":76},"end":{"line":94,"column":99}},{"start":{"line":94,"column":103},"end":{"line":94,"column":128}},{"start":{"line":94,"column":132},"end":{"line":94,"column":157}}]},"27":{"line":100,"type":"if","locations":[{"start":{"line":100,"column":8},"end":{"line":100,"column":8}},{"start":{"line":100,"column":8},"end":{"line":100,"column":8}}]},"28":{"line":100,"type":"binary-expr","locations":[{"start":{"line":100,"column":12},"end":{"line":100,"column":28}},{"start":{"line":100,"column":32},"end":{"line":100,"column":67}},{"start":{"line":100,"column":71},"end":{"line":105,"column":14}}]},"29":{"line":101,"type":"if","locations":[{"start":{"line":101,"column":16},"end":{"line":101,"column":16}},{"start":{"line":101,"column":16},"end":{"line":101,"column":16}}]}}},"/Users/tnrich/Sites/openVectorEditor/app/ve-sequence-utils/FeatureTypes.js":{"path":"/Users/tnrich/Sites/openVectorEditor/app/ve-sequence-utils/FeatureTypes.js","s":{"1":1},"b":{},"f":{},"fnMap":{},"statementMap":{"1":{"start":{"line":2,"column":0},"end":{"line":77,"column":2}}},"branchMap":{}},"/Users/tnrich/Sites/openVectorEditor/app/ve-range-utils/getSequenceWithinRange.js":{"path":"/Users/tnrich/Sites/openVectorEditor/app/ve-range-utils/getSequenceWithinRange.js","s":{"1":1,"2":1,"3":26,"4":26,"5":10,"6":10,"7":9,"8":1,"9":10,"10":16},"b":{"1":[10,16],"2":[9,1]},"f":{"1":26},"fnMap":{"1":{"name":"getSequenceWithinRange","line":2,"loc":{"start":{"line":2,"column":17},"end":{"line":2,"column":66}}}},"statementMap":{"1":{"start":{"line":1,"column":0},"end":{"line":1,"column":33}},"2":{"start":{"line":2,"column":0},"end":{"line":16,"column":2}},"3":{"start":{"line":3,"column":1},"end":{"line":3,"column":70}},"4":{"start":{"line":4,"column":1},"end":{"line":15,"column":2}},"5":{"start":{"line":6,"column":2},"end":{"line":6,"column":65}},"6":{"start":{"line":7,"column":2},"end":{"line":11,"column":3}},"7":{"start":{"line":8,"column":3},"end":{"line":8,"column":51}},"8":{"start":{"line":10,"column":3},"end":{"line":10,"column":70}},"9":{"start":{"line":12,"column":2},"end":{"line":12,"column":21}},"10":{"start":{"line":14,"column":2},"end":{"line":14,"column":52}}},"branchMap":{"1":{"line":4,"type":"if","locations":[{"start":{"line":4,"column":1},"end":{"line":4,"column":1}},{"start":{"line":4,"column":1},"end":{"line":4,"column":1}}]},"2":{"line":7,"type":"if","locations":[{"start":{"line":7,"column":2},"end":{"line":7,"column":2}},{"start":{"line":7,"column":2},"end":{"line":7,"column":2}}]}}},"/Users/tnrich/Sites/openVectorEditor/app/ve-sequence-utils/getAminoAcidDataForEachBaseOfDna.js":{"path":"/Users/tnrich/Sites/openVectorEditor/app/ve-sequence-utils/getAminoAcidDataForEachBaseOfDna.js","s":{"1":1,"2":1,"3":1,"4":1,"5":14,"6":14,"7":14,"8":14,"9":14,"10":3,"11":3,"12":3,"13":2,"14":3,"15":2,"16":14,"17":33,"18":33,"19":3,"20":33,"21":33,"22":33,"23":33,"24":33,"25":30,"26":3,"27":14,"28":14,"29":10,"30":14,"31":0,"32":14},"b":{"1":[3,11],"2":[2,1],"3":[3,30],"4":[30,3],"5":[30,3],"6":[30,3],"7":[0,14]},"f":{"1":14},"fnMap":{"1":{"name":"getAminoAcidDataForEachBaseOfDna","line":16,"loc":{"start":{"line":16,"column":17},"end":{"line":16,"column":84}}}},"statementMap":{"1":{"start":{"line":1,"column":0},"end":{"line":1,"column":62}},"2":{"start":{"line":2,"column":0},"end":{"line":2,"column":57}},"3":{"start":{"line":3,"column":0},"end":{"line":3,"column":33}},"4":{"start":{"line":16,"column":0},"end":{"line":90,"column":2}},"5":{"start":{"line":17,"column":2},"end":{"line":17,"column":42}},"6":{"start":{"line":18,"column":2},"end":{"line":18,"column":41}},"7":{"start":{"line":20,"column":2},"end":{"line":20,"column":27}},"8":{"start":{"line":21,"column":2},"end":{"line":21,"column":25}},"9":{"start":{"line":22,"column":2},"end":{"line":39,"column":3}},"10":{"start":{"line":24,"column":4},"end":{"line":24,"column":64}},"11":{"start":{"line":27,"column":4},"end":{"line":27,"column":49}},"12":{"start":{"line":28,"column":4},"end":{"line":38,"column":5}},"13":{"start":{"line":29,"column":6},"end":{"line":36,"column":7}},"14":{"start":{"line":30,"column":8},"end":{"line":35,"column":11}},"15":{"start":{"line":37,"column":6},"end":{"line":37,"column":23}},"16":{"start":{"line":42,"column":2},"end":{"line":72,"column":3}},"17":{"start":{"line":43,"column":4},"end":{"line":43,"column":61}},"18":{"start":{"line":44,"column":4},"end":{"line":47,"column":5}},"19":{"start":{"line":46,"column":6},"end":{"line":46,"column":33}},"20":{"start":{"line":48,"column":4},"end":{"line":48,"column":35}},"21":{"start":{"line":49,"column":4},"end":{"line":54,"column":7}},"22":{"start":{"line":55,"column":4},"end":{"line":60,"column":7}},"23":{"start":{"line":61,"column":4},"end":{"line":66,"column":7}},"24":{"start":{"line":67,"column":4},"end":{"line":71,"column":5}},"25":{"start":{"line":68,"column":6},"end":{"line":68,"column":23}},"26":{"start":{"line":70,"column":6},"end":{"line":70,"column":23}},"27":{"start":{"line":76,"column":2},"end":{"line":76,"column":106}},"28":{"start":{"line":77,"column":2},"end":{"line":84,"column":3}},"29":{"start":{"line":78,"column":4},"end":{"line":83,"column":7}},"30":{"start":{"line":86,"column":2},"end":{"line":88,"column":3}},"31":{"start":{"line":87,"column":4},"end":{"line":87,"column":45}},"32":{"start":{"line":89,"column":2},"end":{"line":89,"column":39}}},"branchMap":{"1":{"line":22,"type":"if","locations":[{"start":{"line":22,"column":2},"end":{"line":22,"column":2}},{"start":{"line":22,"column":2},"end":{"line":22,"column":2}}]},"2":{"line":28,"type":"if","locations":[{"start":{"line":28,"column":4},"end":{"line":28,"column":4}},{"start":{"line":28,"column":4},"end":{"line":28,"column":4}}]},"3":{"line":44,"type":"if","locations":[{"start":{"line":44,"column":4},"end":{"line":44,"column":4}},{"start":{"line":44,"column":4},"end":{"line":44,"column":4}}]},"4":{"line":51,"type":"cond-expr","locations":[{"start":{"line":51,"column":33},"end":{"line":51,"column":34}},{"start":{"line":51,"column":37},"end":{"line":51,"column":38}}]},"5":{"line":63,"type":"cond-expr","locations":[{"start":{"line":63,"column":33},"end":{"line":63,"column":34}},{"start":{"line":63,"column":37},"end":{"line":63,"column":38}}]},"6":{"line":67,"type":"if","locations":[{"start":{"line":67,"column":4},"end":{"line":67,"column":4}},{"start":{"line":67,"column":4},"end":{"line":67,"column":4}}]},"7":{"line":86,"type":"if","locations":[{"start":{"line":86,"column":2},"end":{"line":86,"column":2}},{"start":{"line":86,"column":2},"end":{"line":86,"column":2}}]}}},"/Users/tnrich/Sites/openVectorEditor/app/ve-sequence-utils/getAminoAcidFromSequenceTriplet.js":{"path":"/Users/tnrich/Sites/openVectorEditor/app/ve-sequence-utils/getAminoAcidFromSequenceTriplet.js","s":{"1":1,"2":1,"3":1,"4":1,"5":70,"6":70,"7":70,"8":0,"9":70,"10":51,"11":19},"b":{"1":[0,70],"2":[51,19]},"f":{"1":70},"fnMap":{"1":{"name":"getAminoAcidFromSequenceTriplet","line":7,"loc":{"start":{"line":7,"column":17},"end":{"line":7,"column":74}}}},"statementMap":{"1":{"start":{"line":1,"column":0},"end":{"line":1,"column":99}},"2":{"start":{"line":2,"column":0},"end":{"line":2,"column":51}},"3":{"start":{"line":3,"column":0},"end":{"line":3,"column":33}},"4":{"start":{"line":7,"column":0},"end":{"line":18,"column":2}},"5":{"start":{"line":8,"column":2},"end":{"line":8,"column":34}},"6":{"start":{"line":9,"column":2},"end":{"line":9,"column":48}},"7":{"start":{"line":10,"column":2},"end":{"line":12,"column":3}},"8":{"start":{"line":11,"column":4},"end":{"line":11,"column":54}},"9":{"start":{"line":13,"column":2},"end":{"line":17,"column":3}},"10":{"start":{"line":14,"column":4},"end":{"line":14,"column":67}},"11":{"start":{"line":16,"column":4},"end":{"line":16,"column":34}}},"branchMap":{"1":{"line":10,"type":"if","locations":[{"start":{"line":10,"column":2},"end":{"line":10,"column":2}},{"start":{"line":10,"column":2},"end":{"line":10,"column":2}}]},"2":{"line":13,"type":"if","locations":[{"start":{"line":13,"column":2},"end":{"line":13,"column":2}},{"start":{"line":13,"column":2},"end":{"line":13,"column":2}}]}}},"/Users/tnrich/Sites/openVectorEditor/app/ve-sequence-utils/threeLetterSequenceStringToAminoAcidMap.js":{"path":"/Users/tnrich/Sites/openVectorEditor/app/ve-sequence-utils/threeLetterSequenceStringToAminoAcidMap.js","s":{"1":1,"2":1},"b":{},"f":{},"fnMap":{},"statementMap":{"1":{"start":{"line":1,"column":0},"end":{"line":1,"column":51}},"2":{"start":{"line":2,"column":0},"end":{"line":101,"column":2}}},"branchMap":{}},"/Users/tnrich/Sites/openVectorEditor/app/ve-sequence-utils/proteinAlphabet.js":{"path":"/Users/tnrich/Sites/openVectorEditor/app/ve-sequence-utils/proteinAlphabet.js","s":{"1":1},"b":{},"f":{},"fnMap":{},"statementMap":{"1":{"start":{"line":1,"column":0},"end":{"line":154,"column":1}}},"branchMap":{}},"/Users/tnrich/Sites/openVectorEditor/app/ve-sequence-utils/getCutsitesFromSequence.js":{"path":"/Users/tnrich/Sites/openVectorEditor/app/ve-sequence-utils/getCutsitesFromSequence.js","s":{"1":1,"2":1,"3":1,"4":9,"5":9,"6":9,"7":207,"8":207,"9":9},"b":{},"f":{"1":9},"fnMap":{"1":{"name":"cutsitesFromSequence","line":4,"loc":{"start":{"line":4,"column":17},"end":{"line":4,"column":87}}}},"statementMap":{"1":{"start":{"line":1,"column":0},"end":{"line":1,"column":33}},"2":{"start":{"line":2,"column":0},"end":{"line":2,"column":81}},"3":{"start":{"line":4,"column":0},"end":{"line":19,"column":2}},"4":{"start":{"line":6,"column":4},"end":{"line":10,"column":18}},"5":{"start":{"line":12,"column":4},"end":{"line":12,"column":28}},"6":{"start":{"line":14,"column":4},"end":{"line":17,"column":5}},"7":{"start":{"line":15,"column":8},"end":{"line":15,"column":39}},"8":{"start":{"line":16,"column":8},"end":{"line":16,"column":89}},"9":{"start":{"line":18,"column":4},"end":{"line":18,"column":26}}},"branchMap":{}},"/Users/tnrich/Sites/openVectorEditor/app/ve-sequence-utils/cutSequenceByRestrictionEnzyme.js":{"path":"/Users/tnrich/Sites/openVectorEditor/app/ve-sequence-utils/cutSequenceByRestrictionEnzyme.js","s":{"1":1,"2":1,"3":1,"4":1,"5":1,"6":215,"7":215,"8":215,"9":215,"10":215,"11":215,"12":215,"13":31,"14":31,"15":31,"16":1,"17":215,"18":1,"19":1,"20":1,"21":1,"22":1,"23":1,"24":1,"25":0,"26":0,"27":1,"28":1,"29":1,"30":1,"31":246,"32":246,"33":246,"34":246,"35":246,"36":35,"37":246,"38":246,"39":246,"40":246,"41":246,"42":6158,"43":6158,"44":6158,"45":6158,"46":6158,"47":6158,"48":6158,"49":6158,"50":6158,"51":6158,"52":6158,"53":6158,"54":0,"55":0,"56":0,"57":0,"58":0,"59":0,"60":0,"61":6158,"62":6158,"63":6158,"64":0,"65":0,"66":6158,"67":7,"68":6158,"69":3079,"70":3079,"71":3079,"72":3079,"73":3079,"74":3079,"75":3079,"76":3079,"77":6158,"78":6158,"79":6158,"80":246},"b":{"1":[31,184],"2":[0,1],"3":[35,211],"4":[0,6158],"5":[0,0],"6":[0,6158],"7":[0,0],"8":[7,6151],"9":[3079,3079],"10":[6158,6158,6158,3080]},"f":{"1":215,"2":1,"3":1,"4":246},"fnMap":{"1":{"name":"cutSequenceByRestrictionEnzyme","line":6,"loc":{"start":{"line":6,"column":17},"end":{"line":6,"column":97}}},"2":{"name":"(anonymous_2)","line":31,"loc":{"start":{"line":31,"column":46},"end":{"line":31,"column":64}}},"3":{"name":"reverseAllPositionsOfCutsite","line":37,"loc":{"start":{"line":37,"column":4},"end":{"line":37,"column":64}}},"4":{"name":"cutSequence","line":65,"loc":{"start":{"line":65,"column":4},"end":{"line":65,"column":79}}}},"statementMap":{"1":{"start":{"line":1,"column":0},"end":{"line":1,"column":89}},"2":{"start":{"line":2,"column":0},"end":{"line":2,"column":33}},"3":{"start":{"line":3,"column":0},"end":{"line":3,"column":97}},"4":{"start":{"line":4,"column":0},"end":{"line":4,"column":81}},"5":{"start":{"line":6,"column":0},"end":{"line":166,"column":1}},"6":{"start":{"line":7,"column":4},"end":{"line":21,"column":18}},"7":{"start":{"line":22,"column":4},"end":{"line":22,"column":80}},"8":{"start":{"line":23,"column":4},"end":{"line":23,"column":80}},"9":{"start":{"line":24,"column":4},"end":{"line":24,"column":29}},"10":{"start":{"line":26,"column":4},"end":{"line":26,"column":99}},"11":{"start":{"line":27,"column":4},"end":{"line":27,"column":29}},"12":{"start":{"line":28,"column":4},"end":{"line":34,"column":5}},"13":{"start":{"line":29,"column":8},"end":{"line":29,"column":71}},"14":{"start":{"line":30,"column":8},"end":{"line":30,"column":102}},"15":{"start":{"line":31,"column":8},"end":{"line":33,"column":11}},"16":{"start":{"line":32,"column":12},"end":{"line":32,"column":74}},"17":{"start":{"line":35,"column":4},"end":{"line":35,"column":53}},"18":{"start":{"line":37,"column":4},"end":{"line":63,"column":5}},"19":{"start":{"line":38,"column":8},"end":{"line":38,"column":17}},"20":{"start":{"line":39,"column":8},"end":{"line":39,"column":82}},"21":{"start":{"line":40,"column":8},"end":{"line":40,"column":78}},"22":{"start":{"line":41,"column":8},"end":{"line":41,"column":105}},"23":{"start":{"line":42,"column":8},"end":{"line":42,"column":111}},"24":{"start":{"line":43,"column":8},"end":{"line":46,"column":9}},"25":{"start":{"line":44,"column":12},"end":{"line":44,"column":105}},"26":{"start":{"line":45,"column":12},"end":{"line":45,"column":111}},"27":{"start":{"line":47,"column":8},"end":{"line":47,"column":124}},"28":{"start":{"line":48,"column":8},"end":{"line":48,"column":120}},"29":{"start":{"line":49,"column":8},"end":{"line":62,"column":10}},"30":{"start":{"line":65,"column":4},"end":{"line":165,"column":5}},"31":{"start":{"line":66,"column":8},"end":{"line":66,"column":37}},"32":{"start":{"line":67,"column":8},"end":{"line":67,"column":31}},"33":{"start":{"line":68,"column":8},"end":{"line":68,"column":66}},"34":{"start":{"line":69,"column":8},"end":{"line":69,"column":53}},"35":{"start":{"line":70,"column":8},"end":{"line":74,"column":9}},"36":{"start":{"line":73,"column":12},"end":{"line":73,"column":33}},"37":{"start":{"line":75,"column":8},"end":{"line":75,"column":52}},"38":{"start":{"line":77,"column":8},"end":{"line":77,"column":63}},"39":{"start":{"line":78,"column":8},"end":{"line":78,"column":27}},"40":{"start":{"line":79,"column":8},"end":{"line":79,"column":35}},"41":{"start":{"line":82,"column":8},"end":{"line":163,"column":9}},"42":{"start":{"line":83,"column":12},"end":{"line":83,"column":42}},"43":{"start":{"line":84,"column":12},"end":{"line":84,"column":22}},"44":{"start":{"line":85,"column":12},"end":{"line":85,"column":20}},"45":{"start":{"line":86,"column":12},"end":{"line":86,"column":32}},"46":{"start":{"line":87,"column":12},"end":{"line":87,"column":35}},"47":{"start":{"line":88,"column":12},"end":{"line":88,"column":34}},"48":{"start":{"line":89,"column":12},"end":{"line":89,"column":37}},"49":{"start":{"line":94,"column":12},"end":{"line":94,"column":65}},"50":{"start":{"line":95,"column":12},"end":{"line":95,"column":47}},"51":{"start":{"line":97,"column":12},"end":{"line":97,"column":91}},"52":{"start":{"line":98,"column":12},"end":{"line":98,"column":43}},"53":{"start":{"line":104,"column":12},"end":{"line":114,"column":13}},"54":{"start":{"line":105,"column":16},"end":{"line":105,"column":91}},"55":{"start":{"line":106,"column":16},"end":{"line":106,"column":94}},"56":{"start":{"line":107,"column":16},"end":{"line":111,"column":17}},"57":{"start":{"line":108,"column":20},"end":{"line":108,"column":44}},"58":{"start":{"line":110,"column":20},"end":{"line":110,"column":47}},"59":{"start":{"line":112,"column":16},"end":{"line":112,"column":112}},"60":{"start":{"line":113,"column":16},"end":{"line":113,"column":118}},"61":{"start":{"line":118,"column":12},"end":{"line":118,"column":89}},"62":{"start":{"line":119,"column":12},"end":{"line":119,"column":92}},"63":{"start":{"line":120,"column":12},"end":{"line":128,"column":13}},"64":{"start":{"line":121,"column":16},"end":{"line":123,"column":17}},"65":{"start":{"line":122,"column":20},"end":{"line":122,"column":48}},"66":{"start":{"line":125,"column":16},"end":{"line":127,"column":17}},"67":{"start":{"line":126,"column":20},"end":{"line":126,"column":51}},"68":{"start":{"line":130,"column":12},"end":{"line":152,"column":13}},"69":{"start":{"line":133,"column":16},"end":{"line":133,"column":116}},"70":{"start":{"line":134,"column":16},"end":{"line":134,"column":122}},"71":{"start":{"line":135,"column":16},"end":{"line":135,"column":93}},"72":{"start":{"line":136,"column":16},"end":{"line":136,"column":89}},"73":{"start":{"line":137,"column":16},"end":{"line":137,"column":135}},"74":{"start":{"line":138,"column":16},"end":{"line":138,"column":131}},"75":{"start":{"line":140,"column":16},"end":{"line":150,"column":18}},"76":{"start":{"line":151,"column":16},"end":{"line":151,"column":61}},"77":{"start":{"line":158,"column":12},"end":{"line":158,"column":53}},"78":{"start":{"line":161,"column":12},"end":{"line":161,"column":74}},"79":{"start":{"line":162,"column":12},"end":{"line":162,"column":66}},"80":{"start":{"line":164,"column":8},"end":{"line":164,"column":35}}},"branchMap":{"1":{"line":28,"type":"if","locations":[{"start":{"line":28,"column":4},"end":{"line":28,"column":4}},{"start":{"line":28,"column":4},"end":{"line":28,"column":4}}]},"2":{"line":43,"type":"if","locations":[{"start":{"line":43,"column":8},"end":{"line":43,"column":8}},{"start":{"line":43,"column":8},"end":{"line":43,"column":8}}]},"3":{"line":70,"type":"if","locations":[{"start":{"line":70,"column":8},"end":{"line":70,"column":8}},{"start":{"line":70,"column":8},"end":{"line":70,"column":8}}]},"4":{"line":104,"type":"if","locations":[{"start":{"line":104,"column":12},"end":{"line":104,"column":12}},{"start":{"line":104,"column":12},"end":{"line":104,"column":12}}]},"5":{"line":107,"type":"if","locations":[{"start":{"line":107,"column":16},"end":{"line":107,"column":16}},{"start":{"line":107,"column":16},"end":{"line":107,"column":16}}]},"6":{"line":120,"type":"if","locations":[{"start":{"line":120,"column":12},"end":{"line":120,"column":12}},{"start":{"line":120,"column":12},"end":{"line":120,"column":12}}]},"7":{"line":121,"type":"if","locations":[{"start":{"line":121,"column":16},"end":{"line":121,"column":16}},{"start":{"line":121,"column":16},"end":{"line":121,"column":16}}]},"8":{"line":125,"type":"if","locations":[{"start":{"line":125,"column":16},"end":{"line":125,"column":16}},{"start":{"line":125,"column":16},"end":{"line":125,"column":16}}]},"9":{"line":130,"type":"if","locations":[{"start":{"line":130,"column":12},"end":{"line":130,"column":12}},{"start":{"line":130,"column":12},"end":{"line":130,"column":12}}]},"10":{"line":130,"type":"binary-expr","locations":[{"start":{"line":130,"column":16},"end":{"line":130,"column":26}},{"start":{"line":130,"column":30},"end":{"line":130,"column":38}},{"start":{"line":130,"column":42},"end":{"line":130,"column":72}},{"start":{"line":130,"column":76},"end":{"line":130,"column":103}}]}}},"/Users/tnrich/Sites/openVectorEditor/app/ve-range-utils/normalizePositionByRangeLength.js":{"path":"/Users/tnrich/Sites/openVectorEditor/app/ve-range-utils/normalizePositionByRangeLength.js","s":{"1":1,"2":1,"3":18474,"4":18474,"5":18474,"6":0,"7":18474,"8":6,"9":18474},"b":{"1":[0,18474],"2":[6,18468],"3":[6158,12316]},"f":{"1":18474},"fnMap":{"1":{"name":"normalizePositionByRangeLength","line":3,"loc":{"start":{"line":3,"column":17},"end":{"line":3,"column":106}}}},"statementMap":{"1":{"start":{"line":1,"column":0},"end":{"line":1,"column":33}},"2":{"start":{"line":3,"column":0},"end":{"line":16,"column":2}},"3":{"start":{"line":8,"column":4},"end":{"line":8,"column":57}},"4":{"start":{"line":9,"column":4},"end":{"line":9,"column":29}},"5":{"start":{"line":10,"column":4},"end":{"line":14,"column":5}},"6":{"start":{"line":11,"column":8},"end":{"line":11,"column":35}},"7":{"start":{"line":12,"column":11},"end":{"line":14,"column":5}},"8":{"start":{"line":13,"column":8},"end":{"line":13,"column":35}},"9":{"start":{"line":15,"column":4},"end":{"line":15,"column":20}}},"branchMap":{"1":{"line":10,"type":"if","locations":[{"start":{"line":10,"column":4},"end":{"line":10,"column":4}},{"start":{"line":10,"column":4},"end":{"line":10,"column":4}}]},"2":{"line":12,"type":"if","locations":[{"start":{"line":12,"column":11},"end":{"line":12,"column":11}},{"start":{"line":12,"column":11},"end":{"line":12,"column":11}}]},"3":{"line":12,"type":"cond-expr","locations":[{"start":{"line":12,"column":50},"end":{"line":12,"column":51}},{"start":{"line":12,"column":54},"end":{"line":12,"column":55}}]}}},"/Users/tnrich/Sites/openVectorEditor/app/ve-range-utils/reversePositionInRange.js":{"path":"/Users/tnrich/Sites/openVectorEditor/app/ve-range-utils/reversePositionInRange.js","s":{"1":1,"2":1,"3":6,"4":6},"b":{"1":[2,4]},"f":{"1":6},"fnMap":{"1":{"name":"reversePositionInRange","line":2,"loc":{"start":{"line":2,"column":17},"end":{"line":2,"column":94}}}},"statementMap":{"1":{"start":{"line":1,"column":0},"end":{"line":1,"column":33}},"2":{"start":{"line":2,"column":0},"end":{"line":13,"column":2}},"3":{"start":{"line":7,"column":4},"end":{"line":11,"column":18}},"4":{"start":{"line":12,"column":4},"end":{"line":12,"column":67}}},"branchMap":{"1":{"line":12,"type":"cond-expr","locations":[{"start":{"line":12,"column":60},"end":{"line":12,"column":61}},{"start":{"line":12,"column":64},"end":{"line":12,"column":65}}]}}},"/Users/tnrich/Sites/openVectorEditor/app/ve-sequence-utils/enzymeList.js":{"path":"/Users/tnrich/Sites/openVectorEditor/app/ve-sequence-utils/enzymeList.js","s":{"1":1},"b":{},"f":{},"fnMap":{},"statementMap":{"1":{"start":{"line":1,"column":0},"end":{"line":41054,"column":1}}},"branchMap":{}},"/Users/tnrich/Sites/openVectorEditor/app/testHelpers/baobabTestTree.js":{"path":"/Users/tnrich/Sites/openVectorEditor/app/testHelpers/baobabTestTree.js","s":{"1":1,"2":1,"3":1},"b":{},"f":{},"fnMap":{},"statementMap":{"1":{"start":{"line":1,"column":0},"end":{"line":1,"column":36}},"2":{"start":{"line":2,"column":0},"end":{"line":2,"column":46}},"3":{"start":{"line":3,"column":0},"end":{"line":3,"column":22}}},"branchMap":{}},"/Users/tnrich/Sites/openVectorEditor/app/testHelpers/seedTreeWithSimpleSequenceData.js":{"path":"/Users/tnrich/Sites/openVectorEditor/app/testHelpers/seedTreeWithSimpleSequenceData.js","s":{"1":1,"2":1,"3":1,"4":4,"5":1,"6":4},"b":{"1":[1,3]},"f":{"1":4},"fnMap":{"1":{"name":"(anonymous_1)","line":4,"loc":{"start":{"line":4,"column":17},"end":{"line":4,"column":47}}}},"statementMap":{"1":{"start":{"line":1,"column":0},"end":{"line":1,"column":36}},"2":{"start":{"line":2,"column":0},"end":{"line":2,"column":98}},"3":{"start":{"line":4,"column":0},"end":{"line":10,"column":2}},"4":{"start":{"line":5,"column":1},"end":{"line":8,"column":2}},"5":{"start":{"line":7,"column":2},"end":{"line":7,"column":42}},"6":{"start":{"line":9,"column":1},"end":{"line":9,"column":79}}},"branchMap":{"1":{"line":5,"type":"if","locations":[{"start":{"line":5,"column":1},"end":{"line":5,"column":1}},{"start":{"line":5,"column":1},"end":{"line":5,"column":1}}]}}},"/Users/tnrich/Sites/openVectorEditor/app/actions/deleteSequence.test.js":{"path":"/Users/tnrich/Sites/openVectorEditor/app/actions/deleteSequence.test.js","s":{"1":1,"2":1,"3":1,"4":1,"5":1,"6":1,"7":1,"8":1,"9":1,"10":1,"11":1,"12":1,"13":1,"14":1,"15":1,"16":1,"17":1,"18":1,"19":1,"20":1,"21":1,"22":1,"23":1,"24":1,"25":1,"26":1,"27":1,"28":1,"29":1,"30":1,"31":1,"32":1,"33":1,"34":1,"35":1,"36":1,"37":1,"38":1,"39":1,"40":1},"b":{},"f":{"1":1,"2":1,"3":1},"fnMap":{"1":{"name":"(anonymous_1)","line":16,"loc":{"start":{"line":16,"column":27},"end":{"line":16,"column":38}}},"2":{"name":"(anonymous_2)","line":17,"loc":{"start":{"line":17,"column":60},"end":{"line":17,"column":71}}},"3":{"name":"(anonymous_3)","line":49,"loc":{"start":{"line":49,"column":60},"end":{"line":49,"column":71}}}},"statementMap":{"1":{"start":{"line":4,"column":0},"end":{"line":4,"column":69}},"2":{"start":{"line":5,"column":0},"end":{"line":5,"column":65}},"3":{"start":{"line":6,"column":0},"end":{"line":6,"column":65}},"4":{"start":{"line":7,"column":0},"end":{"line":7,"column":71}},"5":{"start":{"line":8,"column":0},"end":{"line":8,"column":55}},"6":{"start":{"line":9,"column":0},"end":{"line":9,"column":27}},"7":{"start":{"line":10,"column":0},"end":{"line":10,"column":14}},"8":{"start":{"line":11,"column":0},"end":{"line":11,"column":40}},"9":{"start":{"line":12,"column":0},"end":{"line":12,"column":21}},"10":{"start":{"line":14,"column":0},"end":{"line":14,"column":33}},"11":{"start":{"line":15,"column":0},"end":{"line":15,"column":97}},"12":{"start":{"line":16,"column":0},"end":{"line":90,"column":3}},"13":{"start":{"line":17,"column":4},"end":{"line":48,"column":7}},"14":{"start":{"line":18,"column":8},"end":{"line":20,"column":11}},"15":{"start":{"line":21,"column":8},"end":{"line":24,"column":12}},"16":{"start":{"line":25,"column":8},"end":{"line":28,"column":12}},"17":{"start":{"line":29,"column":8},"end":{"line":32,"column":12}},"18":{"start":{"line":33,"column":8},"end":{"line":36,"column":12}},"19":{"start":{"line":37,"column":8},"end":{"line":37,"column":66}},"20":{"start":{"line":38,"column":8},"end":{"line":38,"column":33}},"21":{"start":{"line":39,"column":8},"end":{"line":39,"column":28}},"22":{"start":{"line":40,"column":8},"end":{"line":43,"column":11}},"23":{"start":{"line":44,"column":8},"end":{"line":44,"column":67}},"24":{"start":{"line":45,"column":8},"end":{"line":45,"column":49}},"25":{"start":{"line":46,"column":8},"end":{"line":46,"column":66}},"26":{"start":{"line":47,"column":8},"end":{"line":47,"column":63}},"27":{"start":{"line":49,"column":4},"end":{"line":89,"column":7}},"28":{"start":{"line":50,"column":8},"end":{"line":52,"column":11}},"29":{"start":{"line":53,"column":8},"end":{"line":56,"column":12}},"30":{"start":{"line":57,"column":8},"end":{"line":60,"column":12}},"31":{"start":{"line":61,"column":8},"end":{"line":64,"column":12}},"32":{"start":{"line":65,"column":8},"end":{"line":68,"column":12}},"33":{"start":{"line":69,"column":8},"end":{"line":69,"column":66}},"34":{"start":{"line":70,"column":8},"end":{"line":70,"column":33}},"35":{"start":{"line":71,"column":8},"end":{"line":71,"column":28}},"36":{"start":{"line":72,"column":8},"end":{"line":75,"column":11}},"37":{"start":{"line":76,"column":8},"end":{"line":76,"column":67}},"38":{"start":{"line":77,"column":8},"end":{"line":77,"column":49}},"39":{"start":{"line":78,"column":8},"end":{"line":81,"column":11}},"40":{"start":{"line":82,"column":8},"end":{"line":88,"column":11}}},"branchMap":{}},"/Users/tnrich/Sites/openVectorEditor/app/actions/setCaretPosition.js":{"path":"/Users/tnrich/Sites/openVectorEditor/app/actions/setCaretPosition.js","s":{"1":1,"2":1,"3":1,"4":14,"5":13,"6":1},"b":{"1":[13,1]},"f":{"1":14},"fnMap":{"1":{"name":"setCaretPosition","line":3,"loc":{"start":{"line":3,"column":17},"end":{"line":3,"column":56}}}},"statementMap":{"1":{"start":{"line":1,"column":0},"end":{"line":1,"column":36}},"2":{"start":{"line":2,"column":0},"end":{"line":2,"column":38}},"3":{"start":{"line":3,"column":0},"end":{"line":9,"column":2}},"4":{"start":{"line":4,"column":4},"end":{"line":8,"column":5}},"5":{"start":{"line":5,"column":8},"end":{"line":5,"column":54}},"6":{"start":{"line":7,"column":8},"end":{"line":7,"column":45}}},"branchMap":{"1":{"line":4,"type":"if","locations":[{"start":{"line":4,"column":4},"end":{"line":4,"column":4}},{"start":{"line":4,"column":4},"end":{"line":4,"column":4}}]}}},"/Users/tnrich/Sites/openVectorEditor/app/actions/deleteSequence.js":{"path":"/Users/tnrich/Sites/openVectorEditor/app/actions/deleteSequence.js","s":{"1":1,"2":1,"3":1,"4":1,"5":1,"6":1,"7":1,"8":1,"9":2,"10":0,"11":2,"12":2,"13":2,"14":0,"15":2,"16":2,"17":2,"18":0,"19":0,"20":0,"21":0,"22":0,"23":0,"24":0,"25":2,"26":0,"27":0,"28":0,"29":2,"30":2,"31":2,"32":2,"33":2,"34":0,"35":2,"36":2,"37":2,"38":2,"39":1,"40":6,"41":6,"42":8,"43":8,"44":4,"45":4,"46":4,"47":4,"48":8,"49":4,"50":0,"51":2},"b":{"1":[0,2],"2":[2,2],"3":[0,2],"4":[0,2],"5":[2,2,0],"6":[0,0],"7":[0,0],"8":[0,2],"9":[0,0],"10":[2,0],"11":[0,2],"12":[6,0],"13":[4,4],"14":[4,4]},"f":{"1":2,"2":6,"3":8,"4":8},"fnMap":{"1":{"name":"deleteSequence","line":9,"loc":{"start":{"line":9,"column":17},"end":{"line":9,"column":56}}},"2":{"name":"applyDeleteToAnnotations","line":63,"loc":{"start":{"line":63,"column":4},"end":{"line":63,"column":51}}},"3":{"name":"(anonymous_3)","line":65,"loc":{"start":{"line":65,"column":35},"end":{"line":65,"column":56}}},"4":{"name":"(anonymous_4)","line":73,"loc":{"start":{"line":73,"column":22},"end":{"line":73,"column":43}}}},"statementMap":{"1":{"start":{"line":1,"column":0},"end":{"line":1,"column":36}},"2":{"start":{"line":2,"column":0},"end":{"line":2,"column":78}},"3":{"start":{"line":3,"column":0},"end":{"line":3,"column":104}},"4":{"start":{"line":4,"column":0},"end":{"line":4,"column":95}},"5":{"start":{"line":5,"column":0},"end":{"line":5,"column":45}},"6":{"start":{"line":6,"column":0},"end":{"line":6,"column":53}},"7":{"start":{"line":7,"column":0},"end":{"line":7,"column":55}},"8":{"start":{"line":9,"column":0},"end":{"line":83,"column":1}},"9":{"start":{"line":10,"column":4},"end":{"line":12,"column":5}},"10":{"start":{"line":11,"column":8},"end":{"line":11,"column":76}},"11":{"start":{"line":13,"column":4},"end":{"line":13,"column":55}},"12":{"start":{"line":14,"column":4},"end":{"line":14,"column":23}},"13":{"start":{"line":15,"column":4},"end":{"line":19,"column":5}},"14":{"start":{"line":16,"column":8},"end":{"line":16,"column":86}},"15":{"start":{"line":18,"column":8},"end":{"line":18,"column":69}},"16":{"start":{"line":20,"column":4},"end":{"line":20,"column":61}},"17":{"start":{"line":22,"column":4},"end":{"line":46,"column":5}},"18":{"start":{"line":23,"column":8},"end":{"line":23,"column":120}},"19":{"start":{"line":24,"column":8},"end":{"line":34,"column":9}},"20":{"start":{"line":25,"column":12},"end":{"line":25,"column":54}},"21":{"start":{"line":27,"column":12},"end":{"line":27,"column":37}},"22":{"start":{"line":29,"column":12},"end":{"line":33,"column":13}},"23":{"start":{"line":30,"column":16},"end":{"line":30,"column":78}},"24":{"start":{"line":32,"column":16},"end":{"line":32,"column":54}},"25":{"start":{"line":35,"column":11},"end":{"line":46,"column":5}},"26":{"start":{"line":37,"column":8},"end":{"line":41,"column":9}},"27":{"start":{"line":38,"column":12},"end":{"line":38,"column":74}},"28":{"start":{"line":40,"column":12},"end":{"line":40,"column":50}},"29":{"start":{"line":45,"column":8},"end":{"line":45,"column":71}},"30":{"start":{"line":47,"column":4},"end":{"line":47,"column":57}},"31":{"start":{"line":48,"column":4},"end":{"line":48,"column":29}},"32":{"start":{"line":49,"column":4},"end":{"line":58,"column":5}},"33":{"start":{"line":51,"column":8},"end":{"line":57,"column":9}},"34":{"start":{"line":53,"column":12},"end":{"line":53,"column":111}},"35":{"start":{"line":56,"column":12},"end":{"line":56,"column":160}},"36":{"start":{"line":60,"column":4},"end":{"line":60,"column":79}},"37":{"start":{"line":61,"column":4},"end":{"line":61,"column":73}},"38":{"start":{"line":62,"column":4},"end":{"line":62,"column":87}},"39":{"start":{"line":63,"column":4},"end":{"line":81,"column":5}},"40":{"start":{"line":64,"column":8},"end":{"line":80,"column":9}},"41":{"start":{"line":65,"column":12},"end":{"line":77,"column":15}},"42":{"start":{"line":66,"column":16},"end":{"line":66,"column":120}},"43":{"start":{"line":67,"column":16},"end":{"line":72,"column":17}},"44":{"start":{"line":68,"column":20},"end":{"line":68,"column":68}},"45":{"start":{"line":69,"column":20},"end":{"line":69,"column":72}},"46":{"start":{"line":70,"column":20},"end":{"line":70,"column":68}},"47":{"start":{"line":71,"column":20},"end":{"line":71,"column":46}},"48":{"start":{"line":74,"column":16},"end":{"line":76,"column":17}},"49":{"start":{"line":75,"column":20},"end":{"line":75,"column":32}},"50":{"start":{"line":79,"column":12},"end":{"line":79,"column":22}},"51":{"start":{"line":82,"column":4},"end":{"line":82,"column":90}}},"branchMap":{"1":{"line":10,"type":"if","locations":[{"start":{"line":10,"column":4},"end":{"line":10,"column":4}},{"start":{"line":10,"column":4},"end":{"line":10,"column":4}}]},"2":{"line":10,"type":"binary-expr","locations":[{"start":{"line":10,"column":8},"end":{"line":10,"column":22}},{"start":{"line":10,"column":26},"end":{"line":10,"column":91}}]},"3":{"line":15,"type":"if","locations":[{"start":{"line":15,"column":4},"end":{"line":15,"column":4}},{"start":{"line":15,"column":4},"end":{"line":15,"column":4}}]},"4":{"line":22,"type":"if","locations":[{"start":{"line":22,"column":4},"end":{"line":22,"column":4}},{"start":{"line":22,"column":4},"end":{"line":22,"column":4}}]},"5":{"line":22,"type":"binary-expr","locations":[{"start":{"line":22,"column":8},"end":{"line":22,"column":22}},{"start":{"line":22,"column":26},"end":{"line":22,"column":49}},{"start":{"line":22,"column":53},"end":{"line":22,"column":119}}]},"6":{"line":24,"type":"if","locations":[{"start":{"line":24,"column":8},"end":{"line":24,"column":8}},{"start":{"line":24,"column":8},"end":{"line":24,"column":8}}]},"7":{"line":29,"type":"if","locations":[{"start":{"line":29,"column":12},"end":{"line":29,"column":12}},{"start":{"line":29,"column":12},"end":{"line":29,"column":12}}]},"8":{"line":35,"type":"if","locations":[{"start":{"line":35,"column":11},"end":{"line":35,"column":11}},{"start":{"line":35,"column":11},"end":{"line":35,"column":11}}]},"9":{"line":37,"type":"if","locations":[{"start":{"line":37,"column":8},"end":{"line":37,"column":8}},{"start":{"line":37,"column":8},"end":{"line":37,"column":8}}]},"10":{"line":49,"type":"if","locations":[{"start":{"line":49,"column":4},"end":{"line":49,"column":4}},{"start":{"line":49,"column":4},"end":{"line":49,"column":4}}]},"11":{"line":51,"type":"if","locations":[{"start":{"line":51,"column":8},"end":{"line":51,"column":8}},{"start":{"line":51,"column":8},"end":{"line":51,"column":8}}]},"12":{"line":64,"type":"if","locations":[{"start":{"line":64,"column":8},"end":{"line":64,"column":8}},{"start":{"line":64,"column":8},"end":{"line":64,"column":8}}]},"13":{"line":67,"type":"if","locations":[{"start":{"line":67,"column":16},"end":{"line":67,"column":16}},{"start":{"line":67,"column":16},"end":{"line":67,"column":16}}]},"14":{"line":74,"type":"if","locations":[{"start":{"line":74,"column":16},"end":{"line":74,"column":16}},{"start":{"line":74,"column":16},"end":{"line":74,"column":16}}]}}},"/Users/tnrich/Sites/openVectorEditor/app/ve-range-utils/adjustRangeToDeletionOfAnotherRange.js":{"path":"/Users/tnrich/Sites/openVectorEditor/app/ve-range-utils/adjustRangeToDeletionOfAnotherRange.js","s":{"1":1,"2":1,"3":1,"4":1,"5":17,"6":0,"7":17,"8":17,"9":11,"10":11,"11":11,"12":11,"13":6,"14":1,"15":1,"16":5,"17":4,"18":5,"19":1,"20":1,"21":4,"22":0,"23":17},"b":{"1":[0,17],"2":[11,6],"3":[6,5],"4":[1,5],"5":[4,1],"6":[1,4],"7":[0,4]},"f":{"1":17,"2":11},"fnMap":{"1":{"name":"adjustRangeToDeletionOfAnotherRange","line":8,"loc":{"start":{"line":8,"column":17},"end":{"line":8,"column":106}}},"2":{"name":"(anonymous_2)","line":16,"loc":{"start":{"line":16,"column":38},"end":{"line":16,"column":72}}}},"statementMap":{"1":{"start":{"line":2,"column":0},"end":{"line":2,"column":93}},"2":{"start":{"line":3,"column":0},"end":{"line":3,"column":67}},"3":{"start":{"line":4,"column":0},"end":{"line":4,"column":49}},"4":{"start":{"line":8,"column":0},"end":{"line":40,"column":2}},"5":{"start":{"line":9,"column":2},"end":{"line":11,"column":3}},"6":{"start":{"line":10,"column":4},"end":{"line":10,"column":45}},"7":{"start":{"line":12,"column":2},"end":{"line":12,"column":89}},"8":{"start":{"line":13,"column":2},"end":{"line":38,"column":3}},"9":{"start":{"line":15,"column":4},"end":{"line":15,"column":98}},"10":{"start":{"line":16,"column":4},"end":{"line":37,"column":7}},"11":{"start":{"line":17,"column":6},"end":{"line":17,"column":93}},"12":{"start":{"line":18,"column":6},"end":{"line":36,"column":7}},"13":{"
[...]
line":31,"column":4},"end":{"line":31,"column":4}},{"start":{"line":31,"column":4},"end":{"line":31,"column":4}}]}}},"/Users/tnrich/Sites/openVectorEditor/app/ve-sequence-utils/cutSequenceByRestrictionEnzyme.test.js":{"path":"/Users/tnrich/Sites/openVectorEditor/app/ve-sequence-utils/cutSequenceByRestrictionEnzyme.test.js","s":{"1":1,"2":1,"3":1,"4":1,"5":1,"6":1,"7":1,"8":1,"9":1,"10":1,"11":1,"12":1,"13":1,"14":1,"15":1,"16":1,"17":1,"18":1,"19":1,"20":1,"21":1,"22":1,"23":1,"24":1,"25":1,"26":1,"27":1,"28":1,"29":1,"30":1,"31":1,"32":1,"33":1,"34":1,"35":1,"36":1,"37":1,"38":1,"39":1,"40":1,"41":1,"42":1,"43":1,"44":1,"45":1,"46":1,"47":1,"48":1,"49":1,"50":1,"51":1,"52":1,"53":1,"54":1,"55":1,"56":1,"57":1,"58":1,"59":1,"60":1,"61":1,"62":1,"63":1,"64":1,"65":1,"66":1,"67":1,"68":1,"69":1,"70":1,"71":1,"72":1,"73":1,"74":1,"75":1,"76":1,"77":1,"78":1,"79":1,"80":1,"81":1,"82":1,"83":1,"84":1,"85":1,"86":1,"87":1,"88":1,"89":1,"90":1,"91":1,"92":1,"93":1,"94":1},"b":{},"f":{"1":1,"2":1,"3":1,"4":1,"5":1,"6":1,"7":1,"8":1,"9":1,"10":1},"fnMap":{"1":{"name":"(anonymous_1)","line":9,"loc":{"start":{"line":9,"column":41},"end":{"line":9,"column":52}}},"2":{"name":"(anonymous_2)","line":22,"loc":{"start":{"line":22,"column":45},"end":{"line":22,"column":56}}},"3":{"name":"(anonymous_3)","line":35,"loc":{"start":{"line":35,"column":41},"end":{"line":35,"column":52}}},"4":{"name":"(anonymous_4)","line":48,"loc":{"start":{"line":48,"column":70},"end":{"line":48,"column":81}}},"5":{"name":"(anonymous_5)","line":53,"loc":{"start":{"line":53,"column":30},"end":{"line":53,"column":41}}},"6":{"name":"(anonymous_6)","line":87,"loc":{"start":{"line":87,"column":35},"end":{"line":87,"column":46}}},"7":{"name":"(anonymous_7)","line":100,"loc":{"start":{"line":100,"column":71},"end":{"line":100,"column":82}}},"8":{"name":"(anonymous_8)","line":105,"loc":{"start":{"line":105,"column":63},"end":{"line":105,"column":74}}},"9":{"name":"(anonymous_9)","line":117,"loc":{"start":{"line":117,"column":50},"end":{"line":117,"column":61}}},"10":{"name":"(anonymous_10)","line":135,"loc":{"start":{"line":135,"column":33},"end":{"line":135,"column":44}}}},"statementMap":{"1":{"start":{"line":3,"column":0},"end":{"line":3,"column":27}},"2":{"start":{"line":4,"column":0},"end":{"line":4,"column":14}},"3":{"start":{"line":5,"column":0},"end":{"line":5,"column":25}},"4":{"start":{"line":6,"column":0},"end":{"line":6,"column":84}},"5":{"start":{"line":7,"column":0},"end":{"line":7,"column":44}},"6":{"start":{"line":9,"column":0},"end":{"line":86,"column":3}},"7":{"start":{"line":22,"column":4},"end":{"line":34,"column":7}},"8":{"start":{"line":23,"column":8},"end":{"line":23,"column":91}},"9":{"start":{"line":24,"column":8},"end":{"line":24,"column":36}},"10":{"start":{"line":25,"column":8},"end":{"line":25,"column":40}},"11":{"start":{"line":26,"column":8},"end":{"line":26,"column":42}},"12":{"start":{"line":27,"column":8},"end":{"line":27,"column":40}},"13":{"start":{"line":28,"column":8},"end":{"line":28,"column":63}},"14":{"start":{"line":29,"column":8},"end":{"line":29,"column":61}},"15":{"start":{"line":30,"column":8},"end":{"line":30,"column":54}},"16":{"start":{"line":31,"column":8},"end":{"line":31,"column":57}},"17":{"start":{"line":32,"column":8},"end":{"line":32,"column":64}},"18":{"start":{"line":33,"column":8},"end":{"line":33,"column":67}},"19":{"start":{"line":35,"column":4},"end":{"line":47,"column":7}},"20":{"start":{"line":36,"column":8},"end":{"line":36,"column":95}},"21":{"start":{"line":37,"column":8},"end":{"line":37,"column":36}},"22":{"start":{"line":38,"column":8},"end":{"line":38,"column":40}},"23":{"start":{"line":39,"column":8},"end":{"line":39,"column":42}},"24":{"start":{"line":40,"column":8},"end":{"line":40,"column":40}},"25":{"start":{"line":41,"column":8},"end":{"line":41,"column":63}},"26":{"start":{"line":42,"column":8},"end":{"line":42,"column":61}},"27":{"start":{"line":43,"column":8},"end":{"line":43,"column":54}},"28":{"start":{"line":44,"column":8},"end":{"line":44,"column":57}},"29":{"start":{"line":45,"column":8},"end":{"line":45,"column":64}},"30":{"start":{"line":46,"column":8},"end":{"line":46,"column":67}},"31":{"start":{"line":48,"column":4},"end":{"line":52,"column":7}},"32":{"start":{"line":49,"column":8},"end":{"line":49,"column":96}},"33":{"start":{"line":50,"column":8},"end":{"line":50,"column":36}},"34":{"start":{"line":51,"column":8},"end":{"line":51,"column":40}},"35":{"start":{"line":53,"column":4},"end":{"line":85,"column":7}},"36":{"start":{"line":66,"column":8},"end":{"line":66,"column":101}},"37":{"start":{"line":67,"column":8},"end":{"line":67,"column":36}},"38":{"start":{"line":68,"column":8},"end":{"line":68,"column":40}},"39":{"start":{"line":69,"column":8},"end":{"line":69,"column":42}},"40":{"start":{"line":70,"column":8},"end":{"line":70,"column":40}},"41":{"start":{"line":71,"column":8},"end":{"line":71,"column":63}},"42":{"start":{"line":72,"column":8},"end":{"line":72,"column":61}},"43":{"start":{"line":73,"column":8},"end":{"line":73,"column":54}},"44":{"start":{"line":74,"column":8},"end":{"line":74,"column":57}},"45":{"start":{"line":75,"column":8},"end":{"line":75,"column":64}},"46":{"start":{"line":76,"column":8},"end":{"line":76,"column":67}},"47":{"start":{"line":77,"column":8},"end":{"line":77,"column":43}},"48":{"start":{"line":78,"column":8},"end":{"line":78,"column":41}},"49":{"start":{"line":79,"column":8},"end":{"line":79,"column":64}},"50":{"start":{"line":80,"column":8},"end":{"line":80,"column":62}},"51":{"start":{"line":81,"column":8},"end":{"line":81,"column":55}},"52":{"start":{"line":82,"column":8},"end":{"line":82,"column":58}},"53":{"start":{"line":83,"column":8},"end":{"line":83,"column":64}},"54":{"start":{"line":84,"column":8},"end":{"line":84,"column":67}},"55":{"start":{"line":87,"column":0},"end":{"line":153,"column":3}},"56":{"start":{"line":100,"column":4},"end":{"line":104,"column":7}},"57":{"start":{"line":101,"column":8},"end":{"line":101,"column":92}},"58":{"start":{"line":102,"column":8},"end":{"line":102,"column":36}},"59":{"start":{"line":103,"column":8},"end":{"line":103,"column":40}},"60":{"start":{"line":105,"column":4},"end":{"line":116,"column":7}},"61":{"start":{"line":106,"column":8},"end":{"line":106,"column":91}},"62":{"start":{"line":107,"column":8},"end":{"line":107,"column":36}},"63":{"start":{"line":108,"column":8},"end":{"line":108,"column":40}},"64":{"start":{"line":109,"column":8},"end":{"line":109,"column":42}},"65":{"start":{"line":110,"column":8},"end":{"line":110,"column":40}},"66":{"start":{"line":111,"column":8},"end":{"line":111,"column":63}},"67":{"start":{"line":112,"column":8},"end":{"line":112,"column":61}},"68":{"start":{"line":113,"column":8},"end":{"line":113,"column":54}},"69":{"start":{"line":114,"column":8},"end":{"line":114,"column":57}},"70":{"start":{"line":115,"column":8},"end":{"line":115,"column":64}},"71":{"start":{"line":117,"column":4},"end":{"line":134,"column":7}},"72":{"start":{"line":123,"column":8},"end":{"line":123,"column":114}},"73":{"start":{"line":124,"column":8},"end":{"line":124,"column":36}},"74":{"start":{"line":125,"column":8},"end":{"line":125,"column":40}},"75":{"start":{"line":126,"column":8},"end":{"line":126,"column":42}},"76":{"start":{"line":127,"column":8},"end":{"line":127,"column":41}},"77":{"start":{"line":128,"column":8},"end":{"line":128,"column":63}},"78":{"start":{"line":129,"column":8},"end":{"line":129,"column":61}},"79":{"start":{"line":130,"column":8},"end":{"line":130,"column":54}},"80":{"start":{"line":131,"column":8},"end":{"line":131,"column":58}},"81":{"start":{"line":132,"column":8},"end":{"line":132,"column":64}},"82":{"start":{"line":133,"column":8},"end":{"line":133,"column":67}},"83":{"start":{"line":135,"column":4},"end":{"line":152,"column":7}},"84":{"start":{"line":141,"column":8},"end":{"line":141,"column":114}},"85":{"start":{"line":142,"column":8},"end":{"line":142,"column":36}},"86":{"start":{"line":143,"column":8},"end":{"line":143,"column":40}},"87":{"start":{"line":144,"column":8},"end":{"line":144,"column":43}},"88":{"start":{"line":145,"column":8},"end":{"line":145,"column":41}},"89":{"start":{"line":146,"column":8},"end":{"line":146,"column":64}},"90":{"start":{"line":147,"column":8},"end":{"line":147,"column":62}},"91":{"start":{"line":148,"column":8},"end":{"line":148,"column":55}},"92":{"start":{"line":149,"column":8},"end":{"line":149,"column":58}},"93":{"start":{"line":150,"column":8},"end":{"line":150,"column":64}},"94":{"start":{"line":151,"column":8},"end":{"line":151,"column":67}}},"branchMap":{}},"/Users/tnrich/Sites/openVectorEditor/app/ve-sequence-utils/getAminoAcidDataForEachBaseOfDna.test.js":{"path":"/Users/tnrich/Sites/openVectorEditor/app/ve-sequence-utils/getAminoAcidDataForEachBaseOfDna.test.js","s":{"1":1,"2":1,"3":1,"4":1,"5":1,"6":1,"7":1,"8":1,"9":1,"10":1,"11":1,"12":1,"13":1,"14":1,"15":1,"16":1,"17":1,"18":1,"19":1,"20":1,"21":1,"22":1,"23":1},"b":{},"f":{"1":1,"2":1,"3":1,"4":1,"5":1,"6":1,"7":1},"fnMap":{"1":{"name":"(anonymous_1)","line":8,"loc":{"start":{"line":8,"column":57},"end":{"line":8,"column":68}}},"2":{"name":"(anonymous_2)","line":10,"loc":{"start":{"line":10,"column":34},"end":{"line":10,"column":45}}},"3":{"name":"(anonymous_3)","line":29,"loc":{"start":{"line":29,"column":55},"end":{"line":29,"column":66}}},"4":{"name":"(anonymous_4)","line":48,"loc":{"start":{"line":48,"column":36},"end":{"line":48,"column":47}}},"5":{"name":"(anonymous_5)","line":87,"loc":{"start":{"line":87,"column":57},"end":{"line":87,"column":68}}},"6":{"name":"(anonymous_6)","line":127,"loc":{"start":{"line":127,"column":36},"end":{"line":127,"column":47}}},"7":{"name":"(anonymous_7)","line":141,"loc":{"start":{"line":141,"column":57},"end":{"line":141,"column":68}}}},"statementMap":{"1":{"start":{"line":3,"column":0},"end":{"line":3,"column":88}},"2":{"start":{"line":4,"column":0},"end":{"line":4,"column":57}},"3":{"start":{"line":6,"column":0},"end":{"line":6,"column":31}},"4":{"start":{"line":7,"column":0},"end":{"line":7,"column":11}},"5":{"start":{"line":8,"column":0},"end":{"line":155,"column":3}},"6":{"start":{"line":10,"column":1},"end":{"line":28,"column":4}},"7":{"start":{"line":11,"column":2},"end":{"line":11,"column":57}},"8":{"start":{"line":12,"column":2},"end":{"line":27,"column":6}},"9":{"start":{"line":29,"column":1},"end":{"line":47,"column":4}},"10":{"start":{"line":30,"column":2},"end":{"line":30,"column":58}},"11":{"start":{"line":31,"column":2},"end":{"line":46,"column":6}},"12":{"start":{"line":48,"column":1},"end":{"line":86,"column":4}},"13":{"start":{"line":49,"column":2},"end":{"line":49,"column":61}},"14":{"start":{"line":50,"column":2},"end":{"line":85,"column":6}},"15":{"start":{"line":87,"column":1},"end":{"line":126,"column":4}},"16":{"start":{"line":88,"column":2},"end":{"line":88,"column":62}},"17":{"start":{"line":90,"column":2},"end":{"line":125,"column":6}},"18":{"start":{"line":127,"column":1},"end":{"line":140,"column":4}},"19":{"start":{"line":128,"column":2},"end":{"line":128,"column":56}},"20":{"start":{"line":129,"column":2},"end":{"line":139,"column":6}},"21":{"start":{"line":141,"column":1},"end":{"line":154,"column":4}},"22":{"start":{"line":142,"column":2},"end":{"line":142,"column":57}},"23":{"start":{"line":143,"column":2},"end":{"line":153,"column":6}}},"branchMap":{}},"/Users/tnrich/Sites/openVectorEditor/app/ve-sequence-utils/getOrfsFromSequence.test.js":{"path":"/Users/tnrich/Sites/openVectorEditor/app/ve-sequence-utils/getOrfsFromSequence.test.js","s":{"1":1,"2":1,"3":1,"4":1,"5":1,"6":1,"7":1,"8":1,"9":1,"10":1,"11":1,"12":1,"13":1,"14":1,"15":1,"16":1,"17":1,"18":1,"19":1,"20":1,"21":1,"22":1,"23":1,"24":1,"25":1,"26":1,"27":1,"28":1,"29":1,"30":1,"31":1,"32":1,"33":1,"34":1,"35":1,"36":1,"37":1,"38":1,"39":1,"40":1,"41":1,"42":1,"43":1,"44":1,"45":1,"46":1,"47":1,"48":1,"49":1,"50":1,"51":1,"52":1,"53":1,"54":1,"55":1,"56":1,"57":1,"58":1,"59":1,"60":1,"61":1,"62":1,"63":1,"64":1,"65":1,"66":1},"b":{},"f":{"1":1,"2":1,"3":1,"4":1,"5":1,"6":1,"7":1,"8":1},"fnMap":{"1":{"name":"(anonymous_1)","line":7,"loc":{"start":{"line":7,"column":32},"end":{"line":7,"column":43}}},"2":{"name":"(anonymous_2)","line":8,"loc":{"start":{"line":8,"column":81},"end":{"line":8,"column":92}}},"3":{"name":"(anonymous_3)","line":25,"loc":{"start":{"line":25,"column":81},"end":{"line":25,"column":92}}},"4":{"name":"(anonymous_4)","line":54,"loc":{"start":{"line":54,"column":66},"end":{"line":54,"column":77}}},"5":{"name":"(anonymous_5)","line":71,"loc":{"start":{"line":71,"column":60},"end":{"line":71,"column":71}}},"6":{"name":"(anonymous_6)","line":88,"loc":{"start":{"line":88,"column":45},"end":{"line":88,"column":56}}},"7":{"name":"(anonymous_7)","line":105,"loc":{"start":{"line":105,"column":76},"end":{"line":105,"column":87}}},"8":{"name":"(anonymous_8)","line":122,"loc":{"start":{"line":122,"column":56},"end":{"line":122,"column":67}}}},"statementMap":{"1":{"start":{"line":3,"column":0},"end":{"line":3,"column":36}},"2":{"start":{"line":5,"column":0},"end":{"line":5,"column":62}},"3":{"start":{"line":7,"column":0},"end":{"line":132,"column":3}},"4":{"start":{"line":8,"column":1},"end":{"line":24,"column":4}},"5":{"start":{"line":9,"column":2},"end":{"line":14,"column":5}},"6":{"start":{"line":15,"column":2},"end":{"line":15,"column":31}},"7":{"start":{"line":16,"column":2},"end":{"line":16,"column":20}},"8":{"start":{"line":25,"column":1},"end":{"line":53,"column":4}},"9":{"start":{"line":26,"column":2},"end":{"line":43,"column":5}},"10":{"start":{"line":44,"column":2},"end":{"line":44,"column":31}},"11":{"start":{"line":45,"column":2},"end":{"line":45,"column":20}},"12":{"start":{"line":46,"column":2},"end":{"line":46,"column":33}},"13":{"start":{"line":47,"column":2},"end":{"line":47,"column":32}},"14":{"start":{"line":48,"column":2},"end":{"line":48,"column":31}},"15":{"start":{"line":49,"column":2},"end":{"line":49,"column":38}},"16":{"start":{"line":50,"column":2},"end":{"line":50,"column":32}},"17":{"start":{"line":51,"column":2},"end":{"line":51,"column":59}},"18":{"start":{"line":52,"column":2},"end":{"line":52,"column":35}},"19":{"start":{"line":54,"column":1},"end":{"line":70,"column":4}},"20":{"start":{"line":55,"column":2},"end":{"line":60,"column":5}},"21":{"start":{"line":61,"column":2},"end":{"line":61,"column":31}},"22":{"start":{"line":62,"column":2},"end":{"line":62,"column":20}},"23":{"start":{"line":63,"column":2},"end":{"line":63,"column":33}},"24":{"start":{"line":64,"column":2},"end":{"line":64,"column":32}},"25":{"start":{"line":65,"column":2},"end":{"line":65,"column":30}},"26":{"start":{"line":66,"column":2},"end":{"line":66,"column":38}},"27":{"start":{"line":67,"column":2},"end":{"line":67,"column":32}},"28":{"start":{"line":68,"column":2},"end":{"line":68,"column":58}},"29":{"start":{"line":69,"column":2},"end":{"line":69,"column":35}},"30":{"start":{"line":71,"column":1},"end":{"line":87,"column":4}},"31":{"start":{"line":72,"column":2},"end":{"line":77,"column":5}},"32":{"start":{"line":78,"column":2},"end":{"line":78,"column":31}},"33":{"start":{"line":79,"column":2},"end":{"line":79,"column":20}},"34":{"start":{"line":80,"column":2},"end":{"line":80,"column":33}},"35":{"start":{"line":81,"column":2},"end":{"line":81,"column":32}},"36":{"start":{"line":82,"column":2},"end":{"line":82,"column":31}},"37":{"start":{"line":83,"column":2},"end":{"line":83,"column":37}},"38":{"start":{"line":84,"column":2},"end":{"line":84,"column":32}},"39":{"start":{"line":85,"column":2},"end":{"line":85,"column":59}},"40":{"start":{"line":86,"column":2},"end":{"line":86,"column":35}},"41":{"start":{"line":88,"column":1},"end":{"line":104,"column":4}},"42":{"start":{"line":89,"column":2},"end":{"line":94,"column":5}},"43":{"start":{"line":95,"column":2},"end":{"line":95,"column":31}},"44":{"start":{"line":96,"column":2},"end":{"line":96,"column":20}},"45":{"start":{"line":97,"column":2},"end":{"line":97,"column":33}},"46":{"start":{"line":98,"column":2},"end":{"line":98,"column":32}},"47":{"start":{"line":99,"column":2},"end":{"line":99,"column":30}},"48":{"start":{"line":100,"column":2},"end":{"line":100,"column":37}},"49":{"start":{"line":101,"column":2},"end":{"line":101,"column":32}},"50":{"start":{"line":102,"column":2},"end":{"line":102,"column":58}},"51":{"start":{"line":103,"column":2},"end":{"line":103,"column":35}},"52":{"start":{"line":105,"column":1},"end":{"line":121,"column":4}},"53":{"start":{"line":106,"column":2},"end":{"line":111,"column":5}},"54":{"start":{"line":112,"column":2},"end":{"line":112,"column":31}},"55":{"start":{"line":113,"column":2},"end":{"line":113,"column":20}},"56":{"start":{"line":114,"column":2},"end":{"line":114,"column":33}},"57":{"start":{"line":115,"column":2},"end":{"line":115,"column":32}},"58":{"start":{"line":116,"column":2},"end":{"line":116,"column":30}},"59":{"start":{"line":117,"column":2},"end":{"line":117,"column":37}},"60":{"start":{"line":118,"column":2},"end":{"line":118,"column":32}},"61":{"start":{"line":119,"column":2},"end":{"line":119,"column":58}},"62":{"start":{"line":120,"column":2},"end":{"line":120,"column":35}},"63":{"start":{"line":122,"column":1},"end":{"line":131,"column":4}},"64":{"start":{"line":123,"column":2},"end":{"line":128,"column":5}},"65":{"start":{"line":129,"column":2},"end":{"line":129,"column":33}},"66":{"start":{"line":130,"column":2},"end":{"line":130,"column":31}}},"branchMap":{}},"/Users/tnrich/Sites/openVectorEditor/app/ve-sequence-utils/insertSequenceDataAtPosition.test.js":{"path":"/Users/tnrich/Sites/openVectorEditor/app/ve-sequence-utils/insertSequenceDataAtPosition.test.js","s":{"1":1,"2":1,"3":1,"4":1,"5":1,"6":1,"7":1,"8":1,"9":1,"10":1,"11":1,"12":1,"13":1,"14":1,"15":1,"16":1,"17":1,"18":1,"19":1,"20":1,"21":1,"22":1,"23":1,"24":1,"25":1},"b":{},"f":{"1":1,"2":1,"3":1},"fnMap":{"1":{"name":"(anonymous_1)","line":12,"loc":{"start":{"line":12,"column":31},"end":{"line":12,"column":42}}},"2":{"name":"(anonymous_2)","line":13,"loc":{"start":{"line":13,"column":55},"end":{"line":13,"column":66}}},"3":{"name":"(anonymous_3)","line":26,"loc":{"start":{"line":26,"column":55},"end":{"line":26,"column":66}}}},"statementMap":{"1":{"start":{"line":4,"column":0},"end":{"line":4,"column":27}},"2":{"start":{"line":5,"column":0},"end":{"line":5,"column":14}},"3":{"start":{"line":6,"column":0},"end":{"line":6,"column":40}},"4":{"start":{"line":7,"column":0},"end":{"line":7,"column":21}},"5":{"start":{"line":9,"column":0},"end":{"line":9,"column":79}},"6":{"start":{"line":10,"column":0},"end":{"line":10,"column":77}},"7":{"start":{"line":12,"column":0},"end":{"line":42,"column":3}},"8":{"start":{"line":13,"column":4},"end":{"line":25,"column":7}},"9":{"start":{"line":14,"column":8},"end":{"line":16,"column":10}},"10":{"start":{"line":17,"column":8},"end":{"line":19,"column":10}},"11":{"start":{"line":20,"column":8},"end":{"line":20,"column":65}},"12":{"start":{"line":21,"column":8},"end":{"line":21,"column":30}},"13":{"start":{"line":22,"column":8},"end":{"line":22,"column":57}},"14":{"start":{"line":23,"column":8},"end":{"line":23,"column":98}},"15":{"start":{"line":24,"column":8},"end":{"line":24,"column":111}},"16":{"start":{"line":26,"column":4},"end":{"line":41,"column":7}},"17":{"start":{"line":27,"column":8},"end":{"line":29,"column":10}},"18":{"start":{"line":30,"column":8},"end":{"line":33,"column":10}},"19":{"start":{"line":34,"column":8},"end":{"line":34,"column":65}},"20":{"start":{"line":35,"column":8},"end":{"line":35,"column":67}},"21":{"start":{"line":36,"column":8},"end":{"line":36,"column":30}},"22":{"start":{"line":37,"column":8},"end":{"line":37,"column":98}},"23":{"start":{"line":38,"column":8},"end":{"line":38,"column":111}},"24":{"start":{"line":39,"column":8},"end":{"line":39,"column":54}},"25":{"start":{"line":40,"column":8},"end":{"line":40,"column":115}}},"branchMap":{}}}