TN:
SF:/Users/tnrich/Sites/openVectorEditor/app/actions/addAnnotations.test.js
FN:7,(anonymous_1)
FN:8,(anonymous_2)
FN:19,(anonymous_3)
FNF:3
FNH:3
FNDA:1,(anonymous_1)
FNDA:1,(anonymous_2)
FNDA:1,(anonymous_3)
DA:3,1
DA:4,1
DA:5,1
DA:7,1
DA:8,1
DA:10,1
DA:15,1
DA:16,1
DA:17,1
DA:19,1
DA:21,1
DA:26,1
DA:27,1
DA:28,1
LF:14
LH:14
BRF:0
BRH:0
end_of_record
TN:
SF:/Users/tnrich/Sites/openVectorEditor/app/actions/addAnnotations.js
FN:7,addAnnotations
FN:13,(anonymous_2)
FNF:2
FNH:2
FNDA:14,addAnnotations
FNDA:14,(anonymous_2)
DA:1,1
DA:3,1
DA:4,1
DA:5,1
DA:7,1
DA:8,14
DA:9,14
DA:10,0
DA:12,14
DA:13,14
DA:14,14
DA:15,14
DA:16,0
DA:18,14
DA:19,14
DA:22,14
DA:23,0
DA:24,0
DA:26,0
DA:27,0
DA:30,14
DA:31,0
DA:32,0
DA:34,0
DA:35,0
DA:38,14
LF:26
LH:16
BRDA:9,1,0,0
BRDA:9,1,1,14
BRDA:14,2,0,14
BRDA:14,2,1,0
BRDA:15,3,0,0
BRDA:15,3,1,14
BRDA:22,4,0,0
BRDA:22,4,1,14
BRDA:23,5,0,0
BRDA:23,5,1,0
BRDA:30,6,0,0
BRDA:30,6,1,14
BRDA:31,7,0,0
BRDA:31,7,1,0
BRF:14
BRH:5
end_of_record
TN:
SF:/Users/tnrich/Sites/openVectorEditor/app/ve-api-check/apiCheck.js
FN:35,posInt
FN:41,posIntArray
FN:47,range
FNF:3
FNH:2
FNDA:37613,posInt
FNDA:0,posIntArray
FNDA:764,range
DA:1,1
DA:2,1
DA:3,1
DA:35,1
DA:36,37613
DA:37,0
DA:40,1
DA:41,1
DA:42,0
DA:43,0
DA:46,1
DA:47,1
DA:48,764
DA:49,1
DA:52,1
DA:54,1
LF:16
LH:13
BRDA:36,1,0,0
BRDA:36,1,1,37613
BRDA:42,2,0,0
BRDA:42,2,1,0
BRDA:48,3,0,1
BRDA:48,3,1,763
BRDA:48,4,0,764
BRDA:48,4,1,764
BRF:8
BRH:5
end_of_record
TN:
SF:/Users/tnrich/Sites/openVectorEditor/app/baobabTree.js
FN:88,(anonymous_1)
FN:94,(anonymous_2)
FN:95,(anonymous_3)
FN:108,(anonymous_4)
FN:110,(anonymous_5)
FN:119,getTranslationsWithAminoAcids
FN:120,(anonymous_7)
FN:130,(anonymous_8)
FN:137,(anonymous_9)
FN:155,(anonymous_10)
FN:165,(anonymous_11)
FN:172,(anonymous_12)
FN:181,(anonymous_13)
FNF:13
FNH:13
FNDA:1,(anonymous_1)
FNDA:1,(anonymous_2)
FNDA:23,(anonymous_3)
FNDA:9,(anonymous_4)
FNDA:207,(anonymous_5)
FNDA:12,getTranslationsWithAminoAcids
FNDA:8,(anonymous_7)
FNDA:23,(anonymous_8)
FNDA:19,(anonymous_9)
FNDA:23,(anonymous_10)
FNDA:23,(anonymous_11)
FNDA:23,(anonymous_12)
FNDA:23,(anonymous_13)
DA:1,1
DA:3,1
DA:4,1
DA:5,1
DA:6,1
DA:7,1
DA:8,1
DA:9,1
DA:10,1
DA:11,1
DA:12,1
DA:14,1
DA:89,1
DA:95,1
DA:96,23
DA:109,9
DA:110,9
DA:111,207
DA:113,9
DA:120,12
DA:121,8
DA:122,8
DA:123,8
DA:124,8
DA:131,23
DA:138,19
DA:139,6
DA:141,13
DA:156,23
DA:166,23
DA:167,23
DA:173,23
DA:174,23
DA:182,23
DA:189,1
LF:35
LH:35
BRDA:131,1,0,22
BRDA:131,1,1,1
BRDA:138,2,0,6
BRDA:138,2,1,13
BRDA:138,3,0,19
BRDA:138,3,1,18
BRDA:138,3,2,18
BRDA:173,4,0,23
BRDA:173,4,1,0
BRF:9
BRH:8
end_of_record
TN:
SF:/Users/tnrich/Sites/openVectorEditor/app/sequenceDataWithOrfsAndTranslations.js
FNF:0
FNH:0
DA:1,1
DA:2,1
DA:3,10
DA:5,1
DA:243,1
LF:5
LH:5
BRF:0
BRH:0
end_of_record
TN:
SF:/Users/tnrich/Sites/openVectorEditor/app/prepareRowData.js
FN:5,prepareRowData
FNF:1
FNH:1
FNDA:23,prepareRowData
DA:1,1
DA:3,1
DA:5,1
DA:6,23
DA:12,23
DA:13,23
DA:14,23
DA:15,23
DA:16,23
DA:17,23
DA:18,23
DA:20,23
DA:21,2195
DA:22,2195
DA:23,2195
DA:24,2195
DA:25,2195
DA:26,2195
DA:27,2195
DA:28,2195
DA:29,2195
DA:31,2195
DA:33,23
LF:23
LH:23
BRDA:13,1,0,23
BRDA:13,1,1,1
BRDA:24,2,0,2172
BRDA:24,2,1,23
BRDA:26,3,0,140
BRDA:26,3,1,2055
BRDA:27,4,0,10
BRDA:27,4,1,2185
BRDA:28,5,0,0
BRDA:28,5,1,2195
BRDA:29,6,0,9
BRDA:29,6,1,2186
BRF:12
BRH:11
end_of_record
TN:
SF:/Users/tnrich/Sites/openVectorEditor/app/mapAnnotationsToRows.js
FN:9,mapAnnotationsToRows
FN:13,(anonymous_2)
FN:22,mapAnnotationToRows
FN:25,(anonymous_4)
FN:58,calculateNecessaryYOffsetForAnnotationInRow
FN:61,(anonymous_6)
FN:79,(anonymous_7)
FN:101,splitRangeOnOrigin
FNF:8
FNH:8
FNDA:92,mapAnnotationsToRows
FNDA:58,(anonymous_2)
FNDA:58,mapAnnotationToRows
FNDA:68,(anonymous_4)
FNDA:194,calculateNecessaryYOffsetForAnnotationInRow
FNDA:46,(anonymous_6)
FNDA:30,(anonymous_7)
FNDA:58,splitRangeOnOrigin
DA:1,1
DA:3,1
DA:4,1
DA:5,1
DA:6,1
DA:7,1
DA:9,1
DA:10,92
DA:11,92
DA:13,92
DA:14,58
DA:15,0
DA:17,58
DA:19,92
DA:22,1
DA:23,58
DA:24,58
DA:25,58
DA:27,68
DA:28,68
DA:30,68
DA:31,194
DA:32,159
DA:35,194
DA:36,194
DA:38,194
DA:44,194
DA:58,1
DA:59,194
DA:61,194
DA:69,46
DA:70,30
DA:75,194
DA:78,194
DA:79,30
DA:80,30
DA:82,30
DA:83,30
DA:84,30
DA:88,60
DA:90,30
DA:93,30
DA:97,194
DA:101,1
DA:102,58
DA:103,0
DA:105,58
DA:106,58
DA:107,10
DA:112,10
DA:118,48
DA:124,58
LF:52
LH:50
BRDA:14,1,0,0
BRDA:14,1,1,58
BRDA:31,2,0,159
BRDA:31,2,1,35
BRDA:35,3,0,68
BRDA:35,3,1,126
BRDA:36,4,0,68
BRDA:36,4,1,126
BRDA:69,5,0,30
BRDA:69,5,1,16
BRDA:78,6,0,30
BRDA:78,6,1,164
BRDA:88,7,0,30
BRDA:88,7,1,30
BRDA:102,8,0,0
BRDA:102,8,1,58
BRDA:106,9,0,10
BRDA:106,9,1,48
BRF:18
BRH:16
end_of_record
TN:
SF:/Users/tnrich/Sites/openVectorEditor/app/ve-range-utils/checkIfNonCircularRangesOverlap.js
FN:3,checkIfNonCircularRangesOverlap
FNF:1
FNH:1
FNDA:51,checkIfNonCircularRangesOverlap
DA:1,1
DA:3,1
DA:4,51
DA:5,51
DA:6,4
DA:10,1
DA:15,3
DA:18,47
DA:22,17
DA:27,30
LF:10
LH:10
BRDA:5,1,0,4
BRDA:5,1,1,47
BRDA:6,2,0,1
BRDA:6,2,1,3
BRDA:18,3,0,17
BRDA:18,3,1,30
BRF:6
BRH:6
end_of_record
TN:
SF:/Users/tnrich/Sites/openVectorEditor/app/ve-sequence-utils/findOrfsInPlasmid.js
FN:2,findOrfsInPlasmid
FNF:1
FNH:1
FNDA:9,findOrfsInPlasmid
DA:1,1
DA:2,1
DA:5,9
DA:11,9
DA:17,9
LF:5
LH:5
BRF:0
BRH:0
end_of_record
TN:
SF:/Users/tnrich/Sites/openVectorEditor/app/ve-sequence-utils/getOrfsFromSequence.js
FN:15,getOrfsFromSequence
FN:77,(anonymous_2)
FN:99,(anonymous_3)
FNF:3
FNH:3
FNDA:25,getOrfsFromSequence
FNDA:7,(anonymous_2)
FNDA:7,(anonymous_3)
DA:3,1
DA:4,1
DA:5,1
DA:15,1
DA:16,25
DA:24,25
DA:25,25
DA:26,25
DA:27,25
DA:29,25
DA:30,25
DA:31,25
DA:33,12
DA:36,25
DA:38,2
DA:40,25
DA:42,25
DA:43,25
DA:45,25
DA:47,6215
DA:48,6215
DA:51,6215
DA:52,6215
DA:54,7
DA:55,7
DA:57,7
DA:58,0
DA:60,7
DA:62,7
DA:76,25
DA:77,25
DA:78,7
DA:80,7
DA:81,2
DA:83,2
DA:85,2
DA:87,5
DA:88,5
DA:93,2
DA:94,2
DA:95,2
DA:99,25
DA:100,7
DA:101,5
DA:104,25
LF:45
LH:44
BRDA:31,1,0,12
BRDA:31,1,1,13
BRDA:36,2,0,2
BRDA:36,2,1,23
BRDA:47,3,0,6215
BRDA:47,3,1,0
BRDA:52,4,0,7
BRDA:52,4,1,6208
BRDA:57,5,0,0
BRDA:57,5,1,7
BRDA:60,6,0,7
BRDA:60,6,1,0
BRDA:80,7,0,2
BRDA:80,7,1,5
BRDA:81,8,0,1
BRDA:81,8,1,1
BRDA:88,9,0,2
BRDA:88,9,1,3
BRDA:100,10,0,5
BRDA:100,10,1,2
BRF:20
BRH:17
end_of_record
TN:
SF:/Users/tnrich/Sites/openVectorEditor/app/ve-sequence-utils/getReverseComplementSequenceString.js
FN:4,getReverseComplementSequenceString
FNF:1
FNH:1
FNDA:46,getReverseComplementSequenceString
DA:1,1
DA:2,1
DA:4,1
DA:5,46
DA:6,46
DA:7,46
DA:8,290285
DA:9,290285
DA:10,3
DA:13,290285
DA:15,46
LF:11
LH:11
BRDA:9,1,0,3
BRDA:9,1,1,290282
BRF:2
BRH:2
end_of_record
TN:
SF:/Users/tnrich/Sites/openVectorEditor/app/ve-sequence-utils/DNAReverseComplementMap.js
FNF:0
FNH:0
DA:1,1
DA:12,1
LF:2
LH:2
BRF:0
BRH:0
end_of_record
TN:
SF:/Users/tnrich/Sites/openVectorEditor/app/ve-sequence-utils/validateAndTidyUpSequenceData.js
FN:6,validateAndTidyUpSequenceData
FN:66,cleanUpAnnotation
FN:100,(anonymous_3)
FNF:3
FNH:3
FNDA:19,validateAndTidyUpSequenceData
FNDA:18,cleanUpAnnotation
FNDA:962,(anonymous_3)
DA:2,1
DA:3,1
DA:4,1
DA:5,1
DA:6,1
DA:7,19
DA:8,19
DA:11,19
DA:12,0
DA:13,0
DA:15,0
DA:17,0
DA:19,19
DA:20,5
DA:21,0
DA:23,5
DA:25,5
DA:28,19
DA:30,19
DA:31,18
DA:33,1
DA:35,19
DA:36,13
DA:37,0
DA:39,13
DA:41,13
DA:43,19
DA:44,15
DA:45,0
DA:47,15
DA:49,15
DA:51,19
DA:52,14
DA:53,0
DA:55,14
DA:57,14
DA:60,19
DA:61,19
DA:62,19
DA:64,19
DA:66,1
DA:67,18
DA:68,0
DA:69,0
DA:71,18
DA:72,18
DA:74,18
DA:75,5
DA:76,5
DA:78,18
DA:79,0
DA:80,0
DA:82,18
DA:83,0
DA:84,0
DA:86,18
DA:87,0
DA:88,0
DA:90,18
DA:91,18
DA:94,18
DA:95,15
DA:97,3
DA:100,18
DA:101,962
DA:102,0
DA:103,0
DA:106,5
DA:107,5
DA:109,18
LF:70
LH:52
BRDA:11,1,0,0
BRDA:11,1,1,19
BRDA:12,2,0,0
BRDA:12,2,1,0
BRDA:19,3,0,5
BRDA:19,3,1,14
BRDA:19,4,0,19
BRDA:19,4,1,6
BRDA:20,5,0,0
BRDA:20,5,1,5
BRDA:30,6,0,18
BRDA:30,6,1,1
BRDA:30,7,0,19
BRDA:30,7,1,19
BRDA:30,7,2,19
BRDA:35,8,0,13
BRDA:35,8,1,6
BRDA:36,9,0,0
BRDA:36,9,1,13
BRDA:43,10,0,15
BRDA:43,10,1,4
BRDA:44,11,0,0
BRDA:44,11,1,15
BRDA:51,12,0,14
BRDA:51,12,1,5
BRDA:52,13,0,0
BRDA:52,13,1,14
BRDA:67,14,0,0
BRDA:67,14,1,18
BRDA:67,15,0,18
BRDA:67,15,1,18
BRDA:74,16,0,5
BRDA:74,16,1,13
BRDA:74,17,0,18
BRDA:74,17,1,13
BRDA:78,18,0,0
BRDA:78,18,1,18
BRDA:78,19,0,18
BRDA:78,19,1,18
BRDA:82,20,0,0
BRDA:82,20,1,18
BRDA:82,21,0,18
BRDA:82,21,1,18
BRDA:86,22,0,0
BRDA:86,22,1,18
BRDA:86,23,0,18
BRDA:86,23,1,0
BRDA:90,24,0,18
BRDA:90,24,1,0
BRDA:94,25,0,15
BRDA:94,25,1,3
BRDA:94,26,0,18
BRDA:94,26,1,14
BRDA:94,26,2,14
BRDA:94,26,3,3
BRDA:94,26,4,3
BRDA:100,27,0,5
BRDA:100,27,1,13
BRDA:100,28,0,18
BRDA:100,28,1,13
BRDA:100,28,2,13
BRDA:101,29,0,0
BRDA:101,29,1,962
BRF:63
BRH:49
end_of_record
TN:
SF:/Users/tnrich/Sites/openVectorEditor/app/ve-sequence-utils/FeatureTypes.js
FNF:0
FNH:0
DA:2,1
LF:1
LH:1
BRF:0
BRH:0
end_of_record
TN:
SF:/Users/tnrich/Sites/openVectorEditor/app/ve-range-utils/getSequenceWithinRange.js
FN:2,getSequenceWithinRange
FNF:1
FNH:1
FNDA:26,getSequenceWithinRange
DA:1,1
DA:2,1
DA:3,26
DA:4,26
DA:6,10
DA:7,10
DA:8,9
DA:10,1
DA:12,10
DA:14,16
LF:10
LH:10
BRDA:4,1,0,10
BRDA:4,1,1,16
BRDA:7,2,0,9
BRDA:7,2,1,1
BRF:4
BRH:4
end_of_record
TN:
SF:/Users/tnrich/Sites/openVectorEditor/app/ve-sequence-utils/getAminoAcidDataForEachBaseOfDna.js
FN:16,getAminoAcidDataForEachBaseOfDna
FNF:1
FNH:1
FNDA:14,getAminoAcidDataForEachBaseOfDna
DA:1,1
DA:2,1
DA:3,1
DA:16,1
DA:17,14
DA:18,14
DA:20,14
DA:21,14
DA:22,14
DA:24,3
DA:27,3
DA:28,3
DA:29,2
DA:30,3
DA:37,2
DA:42,14
DA:43,33
DA:44,33
DA:46,3
DA:48,33
DA:49,33
DA:55,33
DA:61,33
DA:67,33
DA:68,30
DA:70,3
DA:76,14
DA:77,14
DA:78,10
DA:86,14
DA:87,0
DA:89,14
LF:32
LH:31
BRDA:22,1,0,3
BRDA:22,1,1,11
BRDA:28,2,0,2
BRDA:28,2,1,1
BRDA:44,3,0,3
BRDA:44,3,1,30
BRDA:51,4,0,30
BRDA:51,4,1,3
BRDA:63,5,0,30
BRDA:63,5,1,3
BRDA:67,6,0,30
BRDA:67,6,1,3
BRDA:86,7,0,0
BRDA:86,7,1,14
BRF:14
BRH:13
end_of_record
TN:
SF:/Users/tnrich/Sites/openVectorEditor/app/ve-sequence-utils/getAminoAcidFromSequenceTriplet.js
FN:7,getAminoAcidFromSequenceTriplet
FNF:1
FNH:1
FNDA:70,getAminoAcidFromSequenceTriplet
DA:1,1
DA:2,1
DA:3,1
DA:7,1
DA:8,70
DA:9,70
DA:10,70
DA:11,0
DA:13,70
DA:14,51
DA:16,19
LF:11
LH:10
BRDA:10,1,0,0
BRDA:10,1,1,70
BRDA:13,2,0,51
BRDA:13,2,1,19
BRF:4
BRH:3
end_of_record
TN:
SF:/Users/tnrich/Sites/openVectorEditor/app/ve-sequence-utils/threeLetterSequenceStringToAminoAcidMap.js
FNF:0
FNH:0
DA:1,1
DA:2,1
LF:2
LH:2
BRF:0
BRH:0
end_of_record
TN:
SF:/Users/tnrich/Sites/openVectorEditor/app/ve-sequence-utils/proteinAlphabet.js
FNF:0
FNH:0
DA:1,1
LF:1
LH:1
BRF:0
BRH:0
end_of_record
TN:
SF:/Users/tnrich/Sites/openVectorEditor/app/ve-sequence-utils/getCutsitesFromSequence.js
FN:4,cutsitesFromSequence
FNF:1
FNH:1
FNDA:9,cutsitesFromSequence
DA:1,1
DA:2,1
DA:4,1
DA:6,9
DA:12,9
DA:14,9
DA:15,207
DA:16,207
DA:18,9
LF:9
LH:9
BRF:0
BRH:0
end_of_record
TN:
SF:/Users/tnrich/Sites/openVectorEditor/app/ve-sequence-utils/cutSequenceByRestrictionEnzyme.js
FN:6,cutSequenceByRestrictionEnzyme
FN:31,(anonymous_2)
FN:37,reverseAllPositionsOfCutsite
FN:65,cutSequence
FNF:4
FNH:4
FNDA:215,cutSequenceByRestrictionEnzyme
FNDA:1,(anonymous_2)
FNDA:1,reverseAllPositionsOfCutsite
FNDA:246,cutSequence
DA:1,1
DA:2,1
DA:3,1
DA:4,1
DA:6,1
DA:7,215
DA:22,215
DA:23,215
DA:24,215
DA:26,215
DA:27,215
DA:28,215
DA:29,31
DA:30,31
DA:31,31
DA:32,1
DA:35,215
DA:37,1
DA:38,1
DA:39,1
DA:40,1
DA:41,1
DA:42,1
DA:43,1
DA:44,0
DA:45,0
DA:47,1
DA:48,1
DA:49,1
DA:65,1
DA:66,246
DA:67,246
DA:68,246
DA:69,246
DA:70,246
DA:73,35
DA:75,246
DA:77,246
DA:78,246
DA:79,246
DA:82,246
DA:83,6158
DA:84,6158
DA:85,6158
DA:86,6158
DA:87,6158
DA:88,6158
DA:89,6158
DA:94,6158
DA:95,6158
DA:97,6158
DA:98,6158
DA:104,6158
DA:105,0
DA:106,0
DA:107,0
DA:108,0
DA:110,0
DA:112,0
DA:113,0
DA:118,6158
DA:119,6158
DA:120,6158
DA:121,0
DA:122,0
DA:125,6158
DA:126,7
DA:130,6158
DA:133,3079
DA:134,3079
DA:135,3079
DA:136,3079
DA:137,3079
DA:138,3079
DA:140,3079
DA:151,3079
DA:158,6158
DA:161,6158
DA:162,6158
DA:164,246
LF:80
LH:69
BRDA:28,1,0,31
BRDA:28,1,1,184
BRDA:43,2,0,0
BRDA:43,2,1,1
BRDA:70,3,0,35
BRDA:70,3,1,211
BRDA:104,4,0,0
BRDA:104,4,1,6158
BRDA:107,5,0,0
BRDA:107,5,1,0
BRDA:120,6,0,0
BRDA:120,6,1,6158
BRDA:121,7,0,0
BRDA:121,7,1,0
BRDA:125,8,0,7
BRDA:125,8,1,6151
BRDA:130,9,0,3079
BRDA:130,9,1,3079
BRDA:130,10,0,6158
BRDA:130,10,1,6158
BRDA:130,10,2,6158
BRDA:130,10,3,3080
BRF:22
BRH:15
end_of_record
TN:
SF:/Users/tnrich/Sites/openVectorEditor/app/ve-range-utils/normalizePositionByRangeLength.js
FN:3,normalizePositionByRangeLength
FNF:1
FNH:1
FNDA:18474,normalizePositionByRangeLength
DA:1,1
DA:3,1
DA:8,18474
DA:9,18474
DA:10,18474
DA:11,0
DA:12,18474
DA:13,6
DA:15,18474
LF:9
LH:8
BRDA:10,1,0,0
BRDA:10,1,1,18474
BRDA:12,2,0,6
BRDA:12,2,1,18468
BRDA:12,3,0,6158
BRDA:12,3,1,12316
BRF:6
BRH:5
end_of_record
TN:
SF:/Users/tnrich/Sites/openVectorEditor/app/ve-range-utils/reversePositionInRange.js
FN:2,reversePositionInRange
FNF:1
FNH:1
FNDA:6,reversePositionInRange
DA:1,1
DA:2,1
DA:7,6
DA:12,6
LF:4
LH:4
BRDA:12,1,0,2
BRDA:12,1,1,4
BRF:2
BRH:2
end_of_record
TN:
SF:/Users/tnrich/Sites/openVectorEditor/app/ve-sequence-utils/enzymeList.js
FNF:0
FNH:0
DA:1,1
LF:1
LH:1
BRF:0
BRH:0
end_of_record
TN:
SF:/Users/tnrich/Sites/openVectorEditor/app/testHelpers/baobabTestTree.js
FNF:0
FNH:0
DA:1,1
DA:2,1
DA:3,1
LF:3
LH:3
BRF:0
BRH:0
end_of_record
TN:
SF:/Users/tnrich/Sites/openVectorEditor/app/testHelpers/seedTreeWithSimpleSequenceData.js
FN:4,(anonymous_1)
FNF:1
FNH:1
FNDA:4,(anonymous_1)
DA:1,1
DA:2,1
DA:4,1
DA:5,4
DA:7,1
DA:9,4
LF:6
LH:6
BRDA:5,1,0,1
BRDA:5,1,1,3
BRF:2
BRH:2
end_of_record
TN:
SF:/Users/tnrich/Sites/openVectorEditor/app/actions/deleteSequence.test.js
FN:16,(anonymous_1)
FN:17,(anonymous_2)
FN:49,(anonymous_3)
FNF:3
FNH:3
FNDA:1,(anonymous_1)
FNDA:1,(anonymous_2)
FNDA:1,(anonymous_3)
DA:4,1
DA:5,1
DA:6,1
DA:7,1
DA:8,1
DA:9,1
DA:10,1
DA:11,1
DA:12,1
DA:14,1
DA:15,1
DA:16,1
DA:17,1
DA:18,1
DA:21,1
DA:25,1
DA:29,1
DA:33,1
DA:37,1
DA:38,1
DA:39,1
DA:40,1
DA:44,1
DA:45,1
DA:46,1
DA:47,1
DA:49,1
DA:50,1
DA:53,1
DA:57,1
DA:61,1
DA:65,1
DA:69,1
DA:70,1
DA:71,1
DA:72,1
DA:76,1
DA:77,1
DA:78,1
DA:82,1
LF:40
LH:40
BRF:0
BRH:0
end_of_record
TN:
SF:/Users/tnrich/Sites/openVectorEditor/app/actions/setCaretPosition.js
FN:3,setCaretPosition
FNF:1
FNH:1
FNDA:14,setCaretPosition
DA:1,1
DA:2,1
DA:3,1
DA:4,14
DA:5,13
DA:7,1
LF:6
LH:6
BRDA:4,1,0,13
BRDA:4,1,1,1
BRF:2
BRH:2
end_of_record
TN:
SF:/Users/tnrich/Sites/openVectorEditor/app/actions/deleteSequence.js
FN:9,deleteSequence
FN:63,applyDeleteToAnnotations
FN:65,(anonymous_3)
FN:73,(anonymous_4)
FNF:4
FNH:4
FNDA:2,deleteSequence
FNDA:6,applyDeleteToAnnotations
FNDA:8,(anonymous_3)
FNDA:8,(anonymous_4)
DA:1,1
DA:2,1
DA:3,1
DA:4,1
DA:5,1
DA:6,1
DA:7,1
DA:9,1
DA:10,2
DA:11,0
DA:13,2
DA:14,2
DA:15,2
DA:16,0
DA:18,2
DA:20,2
DA:22,2
DA:23,0
DA:24,0
DA:25,0
DA:27,0
DA:29,0
DA:30,0
DA:32,0
DA:35,2
DA:37,0
DA:38,0
DA:40,0
DA:45,2
DA:47,2
DA:48,2
DA:49,2
DA:51,2
DA:53,0
DA:56,2
DA:60,2
DA:61,2
DA:62,2
DA:63,1
DA:64,6
DA:65,6
DA:66,8
DA:67,8
DA:68,4
DA:69,4
DA:70,4
DA:71,4
DA:74,8
DA:75,4
DA:79,0
DA:82,2
LF:51
LH:37
BRDA:10,1,0,0
BRDA:10,1,1,2
BRDA:10,2,0,2
BRDA:10,2,1,2
BRDA:15,3,0,0
BRDA:15,3,1,2
BRDA:22,4,0,0
BRDA:22,4,1,2
BRDA:22,5,0,2
BRDA:22,5,1,2
BRDA:22,5,2,0
BRDA:24,6,0,0
BRDA:24,6,1,0
BRDA:29,7,0,0
BRDA:29,7,1,0
BRDA:35,8,0,0
BRDA:35,8,1,2
BRDA:37,9,0,0
BRDA:37,9,1,0
BRDA:49,10,0,2
BRDA:49,10,1,0
BRDA:51,11,0,0
BRDA:51,11,1,2
BRDA:64,12,0,6
BRDA:64,12,1,0
BRDA:67,13,0,4
BRDA:67,13,1,4
BRDA:74,14,0,4
BRDA:74,14,1,4
BRF:29
BRH:15
end_of_record
TN:
SF:/Users/tnrich/Sites/openVectorEditor/app/ve-range-utils/adjustRangeToDeletionOfAnotherRange.js
FN:8,adjustRangeToDeletionOfAnotherRange
FN:16,(anonymous_2)
FNF:2
FNH:2
FNDA:17,adjustRangeToDeletionOfAnotherRange
FNDA:11,(anonymous_2)
DA:2,1
DA:3,1
DA:4,1
DA:8,1
DA:9,17
DA:10,0
DA:12,17
DA:13,17
DA:15,11
DA:16,11
DA:17,11
DA:18,11
DA:19,6
DA:20,1
DA:21,1
DA:22,5
DA:23,4
DA:28,5
DA:29,1
DA:30,1
DA:31,4
DA:32,0
DA:39,17
LF:23
LH:21
BRDA:9,1,0,0
BRDA:9,1,1,17
BRDA:13,2,0,11
BRDA:13,2,1,6
BRDA:18,3,0,6
BRDA:18,3,1,5
BRDA:19,4,0,1
BRDA:19,4,1,5
BRDA:22,5,0,4
BRDA:22,5,1,1
BRDA:28,6,0,1
BRDA:28,6,1,4
BRDA:31,7,0,0
BRDA:31,7,1,4
BRF:14
BRH:12
end_of_record
TN:
SF:/Users/tnrich/Sites/openVectorEditor/app/ve-range-utils/splitRangeIntoTwoPartsIfItIsCircular.js
FN:4,splitRangeIntoTwoPartsIfItIsCircular
FNF:1
FNH:1
FNDA:139,splitRangeIntoTwoPartsIfItIsCircular
DA:1,1
DA:4,1
DA:5,139
DA:6,139
DA:8,89
DA:14,50
LF:6
LH:6
BRDA:6,1,0,89
BRDA:6,1,1,50
BRF:2
BRH:2
end_of_record
TN:
SF:/Users/tnrich/Sites/openVectorEditor/app/ve-range-utils/trimRangeByAnotherRange.js
FN:20,trimRangeByAnotherRange
FN:36,(anonymous_2)
FN:37,(anonymous_3)
FN:45,(anonymous_4)
FNF:4
FNH:4
FNDA:37,trimRangeByAnotherRange
FNDA:49,(anonymous_2)
FNDA:66,(anonymous_3)
FNDA:49,(anonymous_4)
DA:1,1
DA:2,1
DA:3,1
DA:4,1
DA:20,1
DA:21,37
DA:22,0
DA:23,0
DA:26,37
DA:28,37
DA:29,4
DA:35,33
DA:36,33
DA:37,49
DA:38,66
DA:39,61
DA:42,49
DA:45,33
DA:46,49
DA:47,30
DA:51,33
DA:52,33
DA:54,33
DA:55,12
DA:56,21
DA:57,9
DA:58,9
DA:63,0
DA:69,33
LF:29
LH:26
BRDA:21,1,0,0
BRDA:21,1,1,37
BRDA:28,2,0,4
BRDA:28,2,1,33
BRDA:38,3,0,61
BRDA:38,3,1,5
BRDA:46,4,0,30
BRDA:46,4,1,19
BRDA:52,5,0,0
BRDA:52,5,1,33
BRDA:54,6,0,12
BRDA:54,6,1,21
BRDA:56,7,0,9
BRDA:56,7,1,12
BRDA:57,8,0,9
BRDA:57,8,1,0
BRF:16
BRH:13
end_of_record
TN:
SF:/Users/tnrich/Sites/openVectorEditor/app/ve-range-utils/getOverlapsOfPotentiallyCircularRanges.js
FN:6,getOverlapsOfPotentiallyCircularRanges
FN:13,(anonymous_2)
FN:14,(anonymous_3)
FNF:3
FNH:3
FNDA:46,getOverlapsOfPotentiallyCircularRanges
FNDA:70,(anonymous_2)
FNDA:86,(anonymous_3)
DA:1,1
DA:2,1
DA:4,1
DA:6,1
DA:7,46
DA:9,46
DA:10,46
DA:12,46
DA:13,46
DA:14,70
DA:15,86
DA:16,86
DA:17,57
DA:21,46
LF:14
LH:14
BRDA:16,1,0,57
BRDA:16,1,1,29
BRF:2
BRH:2
end_of_record
TN:
SF:/Users/tnrich/Sites/openVectorEditor/app/ve-range-utils/getOverlapOfNonCircularRanges.js
FN:4,getOverlapOfNonCircularRanges
FNF:1
FNH:1
FNDA:86,getOverlapOfNonCircularRanges
DA:1,1
DA:2,1
DA:4,1
DA:5,86
DA:6,86
DA:7,34
DA:10,18
DA:11,7
DA:16,11
DA:23,52
DA:26,39
DA:27,4
DA:32,35
LF:13
LH:13
BRDA:6,1,0,34
BRDA:6,1,1,52
BRDA:7,2,0,16
BRDA:7,2,1,18
BRDA:10,3,0,7
BRDA:10,3,1,11
BRDA:23,4,0,13
BRDA:23,4,1,39
BRDA:26,5,0,4
BRDA:26,5,1,35
BRF:10
BRH:10
end_of_record
TN:
SF:/Users/tnrich/Sites/openVectorEditor/app/ve-range-utils/trimNonCicularRangeByAnotherNonCircularRange.js
FN:2,trimNonCicularRangeByAnotherNonCircularRange
FNF:1
FNH:1
FNDA:61,trimNonCicularRangeByAnotherNonCircularRange
DA:1,1
DA:2,1
DA:3,61
DA:4,61
DA:5,61
DA:6,0
DA:8,61
DA:9,23
DA:12,9
DA:17,14
DA:20,3
DA:27,11
DA:34,38
DA:39,19
DA:42,10
DA:49,9
DA:56,61
LF:17
LH:16
BRDA:5,1,0,0
BRDA:5,1,1,61
BRDA:8,2,0,23
BRDA:8,2,1,38
BRDA:9,3,0,9
BRDA:9,3,1,14
BRDA:17,4,0,3
BRDA:17,4,1,11
BRDA:34,5,0,19
BRDA:34,5,1,19
BRDA:39,6,0,10
BRDA:39,6,1,9
BRF:12
BRH:11
end_of_record
TN:
SF:/Users/tnrich/Sites/openVectorEditor/app/ve-range-utils/areRangesValid.js
FN:2,areRangesValid
FN:9,(anonymous_2)
FNF:2
FNH:2
FNDA:17,areRangesValid
FNDA:34,(anonymous_2)
DA:1,1
DA:2,1
DA:3,17
DA:4,0
DA:6,17
DA:7,0
DA:9,17
DA:10,34
DA:11,0
DA:13,34
DA:14,0
DA:16,34
DA:17,0
DA:20,17
LF:14
LH:9
BRDA:3,1,0,0
BRDA:3,1,1,17
BRDA:6,2,0,0
BRDA:6,2,1,17
BRDA:10,3,0,0
BRDA:10,3,1,34
BRDA:13,4,0,0
BRDA:13,4,1,34
BRDA:16,5,0,0
BRDA:16,5,1,34
BRDA:16,6,0,34
BRDA:16,6,1,34
BRF:12
BRH:7
end_of_record
TN:
SF:/Users/tnrich/Sites/openVectorEditor/app/actions/setSelectionLayer.js
FN:10,setSelectionLayer
FNF:1
FNH:1
FNDA:10,setSelectionLayer
DA:1,1
DA:2,1
DA:3,1
DA:10,1
DA:11,10
DA:12,10
DA:13,10
DA:15,7
DA:22,3
DA:24,3
DA:25,3
DA:26,3
DA:28,2
DA:31,1
DA:33,3
DA:35,3
DA:41,3
DA:44,0
DA:53,10
DA:54,3
DA:56,10
LF:21
LH:20
BRDA:13,1,0,7
BRDA:13,1,1,3
BRDA:13,2,0,10
BRDA:13,2,1,3
BRDA:26,3,0,2
BRDA:26,3,1,1
BRDA:26,4,0,3
BRDA:26,4,1,2
BRDA:33,5,0,3
BRDA:33,5,1,0
BRDA:53,6,0,3
BRDA:53,6,1,7
BRF:12
BRH:11
end_of_record
TN:
SF:/Users/tnrich/Sites/openVectorEditor/app/actions/insertSequenceData.test.js
FN:18,(anonymous_1)
FN:19,(anonymous_2)
FN:32,(anonymous_3)
FN:33,(anonymous_4)
FNF:4
FNH:4
FNDA:1,(anonymous_1)
FNDA:1,(anonymous_2)
FNDA:1,(anonymous_3)
FNDA:1,(anonymous_4)
DA:4,1
DA:5,1
DA:6,1
DA:7,1
DA:8,1
DA:9,1
DA:10,1
DA:11,1
DA:12,1
DA:13,1
DA:14,1
DA:15,1
DA:18,1
DA:19,1
DA:20,1
DA:23,1
DA:24,1
DA:25,1
DA:26,1
DA:27,1
DA:28,1
DA:32,1
DA:33,1
DA:34,1
DA:37,1
DA:40,1
DA:44,1
DA:48,1
DA:52,1
DA:56,1
DA:57,1
DA:58,1
DA:59,1
DA:60,1
DA:61,1
DA:62,1
DA:69,1
DA:73,1
LF:38
LH:38
BRF:0
BRH:0
end_of_record
TN:
SF:/Users/tnrich/Sites/openVectorEditor/app/actions/insertSequenceData.js
FN:9,insertSequenceData
FNF:1
FNH:1
FNDA:2,insertSequenceData
DA:1,1
DA:2,1
DA:3,1
DA:4,1
DA:5,1
DA:6,1
DA:9,1
DA:10,2
DA:11,0
DA:12,0
DA:15,2
DA:18,2
DA:19,0
DA:22,2
DA:23,2
DA:25,2
DA:27,2
DA:31,2
DA:33,2
DA:35,0
DA:36,0
LF:21
LH:16
BRDA:10,1,0,0
BRDA:10,1,1,2
BRDA:10,2,0,2
BRDA:10,2,1,2
BRDA:18,3,0,0
BRDA:18,3,1,2
BRDA:18,4,0,2
BRDA:18,4,1,2
BRDA:18,4,2,0
BRDA:23,5,0,2
BRDA:23,5,1,0
BRF:11
BRH:7
end_of_record
TN:
SF:/Users/tnrich/Sites/openVectorEditor/app/ve-sequence-utils/insertSequenceDataAtPosition.js
FN:5,insertSequenceDataAtPosition
FN:32,adjustAnnotationsToInsert
FN:34,(anonymous_3)
FNF:3
FNH:3
FNDA:4,insertSequenceDataAtPosition
FNDA:24,adjustAnnotationsToInsert
FNDA:9,(anonymous_3)
DA:1,1
DA:2,1
DA:3,1
DA:4,1
DA:5,1
DA:11,4
DA:13,4
DA:14,0
DA:17,4
DA:19,4
DA:21,4
DA:22,4
DA:23,4
DA:24,4
DA:25,4
DA:26,4
DA:27,4
DA:29,4
DA:32,1
DA:33,24
DA:34,24
DA:35,9
LF:22
LH:21
BRDA:13,1,0,0
BRDA:13,1,1,4
BRF:2
BRH:1
end_of_record
TN:
SF:/Users/tnrich/Sites/openVectorEditor/app/ve-range-utils/adjustRangeToInsert.js
FN:4,adjustRangeToInsert
FNF:1
FNH:1
FNDA:22,adjustRangeToInsert
DA:1,1
DA:2,1
DA:4,1
DA:5,22
DA:6,22
DA:7,22
DA:9,7
DA:11,3
DA:12,3
DA:13,4
DA:15,2
DA:18,15
DA:20,11
DA:21,11
DA:22,4
DA:24,2
DA:27,22
LF:17
LH:17
BRDA:7,1,0,7
BRDA:7,1,1,15
BRDA:9,2,0,3
BRDA:9,2,1,4
BRDA:13,3,0,2
BRDA:13,3,1,2
BRDA:18,4,0,11
BRDA:18,4,1,4
BRDA:22,5,0,2
BRDA:22,5,1,2
BRF:10
BRH:10
end_of_record
TN:
SF:/Users/tnrich/Sites/openVectorEditor/app/actions/moveCaretShiftHeld.test.js
FN:11,(anonymous_1)
FN:12,(anonymous_2)
FN:25,(anonymous_3)
FNF:3
FNH:3
FNDA:1,(anonymous_1)
FNDA:1,(anonymous_2)
FNDA:1,(anonymous_3)
DA:4,1
DA:5,1
DA:6,1
DA:7,1
DA:8,1
DA:11,1
DA:12,1
DA:14,1
DA:15,1
DA:16,1
DA:17,1
DA:18,1
DA:25,1
DA:27,1
DA:28,1
DA:29,1
DA:30,1
DA:31,1
LF:18
LH:18
BRF:0
BRH:0
end_of_record
TN:
SF:/Users/tnrich/Sites/openVectorEditor/app/actions/moveCaretShiftHeld.js
FN:11,moveCaretShiftHeld
FNF:1
FNH:1
FNDA:2,moveCaretShiftHeld
DA:1,1
DA:2,1
DA:3,1
DA:4,1
DA:11,1
DA:12,2
DA:14,2
DA:15,2
DA:16,2
DA:17,0
DA:18,0
DA:19,0
DA:21,0
DA:22,0
DA:24,0
DA:26,2
DA:27,1
DA:33,1
LF:18
LH:12
BRDA:16,1,0,0
BRDA:16,1,1,2
BRDA:17,2,0,0
BRDA:17,2,1,0
BRDA:26,3,0,1
BRDA:26,3,1,1
BRF:6
BRH:3
end_of_record
TN:
SF:/Users/tnrich/Sites/openVectorEditor/app/ve-range-utils/trimNumberToFitWithin0ToAnotherNumber.js
FN:3,trimNumberToFitWithin0ToAnotherNumber
FNF:1
FNH:1
FNDA:2,trimNumberToFitWithin0ToAnotherNumber
DA:1,1
DA:3,1
DA:4,2
DA:5,2
DA:6,0
DA:8,2
DA:9,0
DA:11,2
LF:8
LH:6
BRDA:5,1,0,0
BRDA:5,1,1,2
BRDA:8,2,0,0
BRDA:8,2,1,2
BRF:4
BRH:2
end_of_record
TN:
SF:/Users/tnrich/Sites/openVectorEditor/app/actions/setCaretPosition.test.js
FN:7,(anonymous_1)
FN:8,(anonymous_2)
FN:15,(anonymous_3)
FNF:3
FNH:3
FNDA:1,(anonymous_1)
FNDA:1,(anonymous_2)
FNDA:1,(anonymous_3)
DA:4,1
DA:5,1
DA:6,1
DA:7,1
DA:8,1
DA:9,1
DA:10,1
DA:11,1
DA:12,1
DA:13,1
DA:15,1
DA:16,1
DA:17,1
DA:18,1
LF:14
LH:14
BRF:0
BRH:0
end_of_record
TN:
SF:/Users/tnrich/Sites/openVectorEditor/app/actions/setSelectionLayer.test.js
FN:8,(anonymous_1)
FN:9,(anonymous_2)
FN:19,(anonymous_3)
FNF:3
FNH:3
FNDA:1,(anonymous_1)
FNDA:1,(anonymous_2)
FNDA:1,(anonymous_3)
DA:4,1
DA:5,1
DA:6,1
DA:8,1
DA:9,1
DA:11,1
DA:12,1
DA:19,1
DA:21,1
DA:22,1
DA:28,1
LF:11
LH:11
BRF:0
BRH:0
end_of_record
TN:
SF:/Users/tnrich/Sites/openVectorEditor/app/ve-api-check/apiCheck.test.js
FN:7,(anonymous_1)
FN:8,(anonymous_2)
FN:19,(anonymous_3)
FNF:3
FNH:3
FNDA:1,(anonymous_1)
FNDA:1,(anonymous_2)
FNDA:1,(anonymous_3)
DA:3,1
DA:4,1
DA:5,1
DA:6,1
DA:7,1
DA:8,1
DA:9,1
DA:10,1
DA:11,1
DA:13,0
DA:14,0
DA:17,1
DA:19,1
DA:20,1
DA:21,1
DA:22,1
DA:24,1
DA:25,1
DA:28,1
LF:19
LH:17
BRDA:13,1,0,0
BRDA:13,1,1,0
BRDA:24,2,0,1
BRDA:24,2,1,0
BRF:4
BRH:1
end_of_record
TN:
SF:/Users/tnrich/Sites/openVectorEditor/app/ve-range-utils/adjustRangeToDeletionOfAnotherRange.test.js
FN:6,(anonymous_1)
FN:7,(anonymous_2)
FN:16,(anonymous_3)
FN:25,(anonymous_4)
FN:37,(anonymous_5)
FN:59,(anonymous_6)
FN:81,(anonymous_7)
FNF:7
FNH:7
FNDA:1,(anonymous_1)
FNDA:1,(anonymous_2)
FNDA:1,(anonymous_3)
FNDA:1,(anonymous_4)
FNDA:1,(anonymous_5)
FNDA:1,(anonymous_6)
FNDA:1,(anonymous_7)
DA:3,1
DA:5,1
DA:6,1
DA:7,1
DA:8,1
DA:16,1
DA:17,1
DA:25,1
DA:26,1
DA:37,1
DA:38,1
DA:48,1
DA:59,1
DA:60,1
DA:70,1
DA:81,1
DA:82,1
DA:92,1
LF:18
LH:18
BRF:0
BRH:0
end_of_record
TN:
SF:/Users/tnrich/Sites/openVectorEditor/app/ve-range-utils/adjustRangeToInsert.test.js
FN:7,(anonymous_1)
FN:8,(anonymous_2)
FN:31,(anonymous_3)
FN:47,(anonymous_4)
FN:63,(anonymous_5)
FN:79,(anonymous_6)
FN:95,(anonymous_7)
FNF:7
FNH:7
FNDA:1,(anonymous_1)
FNDA:1,(anonymous_2)
FNDA:1,(anonymous_3)
FNDA:1,(anonymous_4)
FNDA:1,(anonymous_5)
FNDA:1,(anonymous_6)
FNDA:1,(anonymous_7)
DA:4,1
DA:6,1
DA:7,1
DA:8,1
DA:9,1
DA:16,1
DA:23,1
DA:31,1
DA:32,1
DA:39,1
DA:47,1
DA:48,1
DA:55,1
DA:63,1
DA:64,1
DA:71,1
DA:79,1
DA:80,1
DA:87,1
DA:95,1
DA:96,1
DA:103,1
LF:22
LH:22
BRF:0
BRH:0
end_of_record
TN:
SF:/Users/tnrich/Sites/openVectorEditor/app/ve-range-utils/checkIfNonCircularRangesOverlap.test.js
FN:6,(anonymous_1)
FN:7,(anonymous_2)
FN:30,(anonymous_3)
FNF:3
FNH:3
FNDA:1,(anonymous_1)
FNDA:1,(anonymous_2)
FNDA:1,(anonymous_3)
DA:3,1
DA:4,1
DA:6,1
DA:7,1
DA:8,1
DA:15,1
DA:22,1
DA:30,1
DA:31,1
DA:38,1
LF:10
LH:10
BRF:0
BRH:0
end_of_record
TN:
SF:/Users/tnrich/Sites/openVectorEditor/app/ve-range-utils/collapseOverlapsGeneratedFromRangeComparisonIfPossible.test.js
FN:51,(anonymous_1)
FN:52,(anonymous_2)
FN:65,(anonymous_3)
FN:87,(anonymous_4)
FN:102,(anonymous_5)
FN:121,(anonymous_6)
FNF:6
FNH:6
FNDA:1,(anonymous_1)
FNDA:1,(anonymous_2)
FNDA:1,(anonymous_3)
FNDA:1,(anonymous_4)
FNDA:1,(anonymous_5)
FNDA:1,(anonymous_6)
DA:48,1
DA:49,1
DA:50,1
DA:51,1
DA:52,1
DA:53,1
DA:54,1
DA:65,1
DA:66,1
DA:76,1
DA:87,1
DA:88,1
DA:102,1
DA:103,1
DA:121,1
DA:122,1
LF:16
LH:16
BRF:0
BRH:0
end_of_record
TN:
SF:/Users/tnrich/Sites/openVectorEditor/app/ve-range-utils/collapseOverlapsGeneratedFromRangeComparisonIfPossible.js
FN:1,collapseOverlapsGeneratedFromRangeComparisonIfPossible
FNF:1
FNH:1
FNDA:12,collapseOverlapsGeneratedFromRangeComparisonIfPossible
DA:1,1
DA:4,12
DA:5,1
DA:6,11
DA:7,9
DA:8,5
DA:12,4
DA:13,0
DA:18,4
DA:20,2
DA:21,2
DA:22,2
DA:23,2
DA:24,2
DA:25,2
DA:26,0
DA:27,0
DA:29,2
DA:30,2
DA:31,1
DA:32,1
DA:34,1
DA:35,1
DA:36,1
DA:37,1
DA:39,0
LF:26
LH:22
BRDA:4,1,0,1
BRDA:4,1,1,11
BRDA:4,2,0,12
BRDA:4,2,1,12
BRDA:6,3,0,9
BRDA:6,3,1,2
BRDA:7,4,0,5
BRDA:7,4,1,4
BRDA:7,5,0,9
BRDA:7,5,1,7
BRDA:12,6,0,0
BRDA:12,6,1,4
BRDA:12,7,0,4
BRDA:12,7,1,1
BRDA:20,8,0,2
BRDA:20,8,1,0
BRDA:25,9,0,0
BRDA:25,9,1,2
BRDA:30,10,0,1
BRDA:30,10,1,1
BRDA:35,11,0,1
BRDA:35,11,1,0
BRF:22
BRH:18
end_of_record
TN:
SF:/Users/tnrich/Sites/openVectorEditor/app/ve-range-utils/getOverlapsOfPotentiallyCircularRanges.test.js
FN:7,(anonymous_1)
FN:8,(anonymous_2)
FN:17,(anonymous_3)
FNF:3
FNH:3
FNDA:1,(anonymous_1)
FNDA:1,(anonymous_2)
FNDA:1,(anonymous_3)
DA:4,1
DA:6,1
DA:7,1
DA:8,1
DA:9,1
DA:17,1
DA:18,1
DA:29,1
DA:42,1
DA:52,1
DA:65,1
DA:78,1
LF:12
LH:12
BRF:0
BRH:0
end_of_record
TN:
SF:/Users/tnrich/Sites/openVectorEditor/app/ve-range-utils/getSequenceWithinRange.test.js
FN:8,(anonymous_1)
FN:9,(anonymous_2)
FN:17,(anonymous_3)
FN:25,(anonymous_4)
FN:33,(anonymous_5)
FNF:5
FNH:5
FNDA:1,(anonymous_1)
FNDA:1,(anonymous_2)
FNDA:1,(anonymous_3)
FNDA:1,(anonymous_4)
FNDA:1,(anonymous_5)
DA:3,1
DA:5,1
DA:6,1
DA:8,1
DA:9,1
DA:10,1
DA:11,1
DA:12,1
DA:13,1
DA:14,1
DA:15,1
DA:17,1
DA:18,1
DA:19,1
DA:20,1
DA:21,1
DA:22,1
DA:23,1
DA:25,1
DA:26,1
DA:27,1
DA:28,1
DA:29,1
DA:30,1
DA:31,1
DA:33,1
DA:34,1
DA:35,1
DA:36,1
DA:37,1
DA:38,1
DA:39,1
LF:32
LH:32
BRF:0
BRH:0
end_of_record
TN:
SF:/Users/tnrich/Sites/openVectorEditor/app/ve-range-utils/splitRangeIntoTwoPartsIfItIsCircular.test.js
FN:24,(anonymous_1)
FN:25,(anonymous_2)
FN:29,(anonymous_3)
FNF:3
FNH:3
FNDA:1,(anonymous_1)
FNDA:1,(anonymous_2)
FNDA:1,(anonymous_3)
DA:22,1
DA:23,1
DA:24,1
DA:25,1
DA:26,1
DA:27,1
DA:29,1
DA:30,1
LF:8
LH:8
BRF:0
BRH:0
end_of_record
TN:
SF:/Users/tnrich/Sites/openVectorEditor/app/ve-range-utils/trimRangeByAnotherRange.test.js
FN:7,(anonymous_1)
FN:8,(anonymous_2)
FN:20,(anonymous_3)
FN:32,(anonymous_4)
FN:62,(anonymous_5)
FN:84,(anonymous_6)
FNF:6
FNH:6
FNDA:1,(anonymous_1)
FNDA:1,(anonymous_2)
FNDA:1,(anonymous_3)
FNDA:1,(anonymous_4)
FNDA:1,(anonymous_5)
FNDA:1,(anonymous_6)
DA:4,1
DA:6,1
DA:7,1
DA:8,1
DA:9,1
DA:20,1
DA:21,1
DA:32,1
DA:33,1
DA:40,1
DA:47,1
DA:54,1
DA:62,1
DA:63,1
DA:73,1
DA:84,1
DA:85,1
DA:95,1
DA:105,1
DA:115,1
DA:125,1
DA:135,1
DA:145,1
DA:155,1
DA:165,1
LF:25
LH:25
BRF:0
BRH:0
end_of_record
TN:
SF:/Users/tnrich/Sites/openVectorEditor/app/ve-range-utils/zeroSubrangeByContainerRange.test.js
FN:6,(anonymous_1)
FN:7,(anonymous_2)
FN:22,(anonymous_3)
FN:37,(anonymous_4)
FNF:4
FNH:4
FNDA:1,(anonymous_1)
FNDA:1,(anonymous_2)
FNDA:1,(anonymous_3)
FNDA:1,(anonymous_4)
DA:3,1
DA:4,1
DA:6,1
DA:7,1
DA:8,1
DA:9,1
DA:10,1
DA:18,1
DA:20,1
DA:22,1
DA:23,1
DA:24,1
DA:25,1
DA:33,1
DA:35,1
DA:37,1
DA:38,1
DA:46,1
LF:18
LH:18
BRF:0
BRH:0
end_of_record
TN:
SF:/Users/tnrich/Sites/openVectorEditor/app/ve-range-utils/zeroSubrangeByContainerRange.js
FN:18,zeroSubrangeByContainerRange
FNF:1
FNH:1
FNDA:3,zeroSubrangeByContainerRange
DA:1,1
DA:3,1
DA:18,1
DA:19,3
DA:21,3
DA:22,3
DA:23,2
DA:25,1
DA:26,1
DA:27,1
DA:28,1
DA:29,0
DA:31,1
DA:32,0
DA:34,1
LF:15
LH:13
BRDA:22,1,0,2
BRDA:22,1,1,1
BRDA:28,2,0,0
BRDA:28,2,1,1
BRDA:31,3,0,0
BRDA:31,3,1,1
BRF:6
BRH:4
end_of_record
TN:
SF:/Users/tnrich/Sites/openVectorEditor/app/ve-sequence-utils/cutSequenceByRestrictionEnzyme.test.js
FN:9,(anonymous_1)
FN:22,(anonymous_2)
FN:35,(anonymous_3)
FN:48,(anonymous_4)
FN:53,(anonymous_5)
FN:87,(anonymous_6)
FN:100,(anonymous_7)
FN:105,(anonymous_8)
FN:117,(anonymous_9)
FN:135,(anonymous_10)
FNF:10
FNH:10
FNDA:1,(anonymous_1)
FNDA:1,(anonymous_2)
FNDA:1,(anonymous_3)
FNDA:1,(anonymous_4)
FNDA:1,(anonymous_5)
FNDA:1,(anonymous_6)
FNDA:1,(anonymous_7)
FNDA:1,(anonymous_8)
FNDA:1,(anonymous_9)
FNDA:1,(anonymous_10)
DA:3,1
DA:4,1
DA:5,1
DA:6,1
DA:7,1
DA:9,1
DA:22,1
DA:23,1
DA:24,1
DA:25,1
DA:26,1
DA:27,1
DA:28,1
DA:29,1
DA:30,1
DA:31,1
DA:32,1
DA:33,1
DA:35,1
DA:36,1
DA:37,1
DA:38,1
DA:39,1
DA:40,1
DA:41,1
DA:42,1
DA:43,1
DA:44,1
DA:45,1
DA:46,1
DA:48,1
DA:49,1
DA:50,1
DA:51,1
DA:53,1
DA:66,1
DA:67,1
DA:68,1
DA:69,1
DA:70,1
DA:71,1
DA:72,1
DA:73,1
DA:74,1
DA:75,1
DA:76,1
DA:77,1
DA:78,1
DA:79,1
DA:80,1
DA:81,1
DA:82,1
DA:83,1
DA:84,1
DA:87,1
DA:100,1
DA:101,1
DA:102,1
DA:103,1
DA:105,1
DA:106,1
DA:107,1
DA:108,1
DA:109,1
DA:110,1
DA:111,1
DA:112,1
DA:113,1
DA:114,1
DA:115,1
DA:117,1
DA:123,1
DA:124,1
DA:125,1
DA:126,1
DA:127,1
DA:128,1
DA:129,1
DA:130,1
DA:131,1
DA:132,1
DA:133,1
DA:135,1
DA:141,1
DA:142,1
DA:143,1
DA:144,1
DA:145,1
DA:146,1
DA:147,1
DA:148,1
DA:149,1
DA:150,1
DA:151,1
LF:94
LH:94
BRF:0
BRH:0
end_of_record
TN:
SF:/Users/tnrich/Sites/openVectorEditor/app/ve-sequence-utils/getAminoAcidDataForEachBaseOfDna.test.js
FN:8,(anonymous_1)
FN:10,(anonymous_2)
FN:29,(anonymous_3)
FN:48,(anonymous_4)
FN:87,(anonymous_5)
FN:127,(anonymous_6)
FN:141,(anonymous_7)
FNF:7
FNH:7
FNDA:1,(anonymous_1)
FNDA:1,(anonymous_2)
FNDA:1,(anonymous_3)
FNDA:1,(anonymous_4)
FNDA:1,(anonymous_5)
FNDA:1,(anonymous_6)
FNDA:1,(anonymous_7)
DA:3,1
DA:4,1
DA:6,1
DA:7,1
DA:8,1
DA:10,1
DA:11,1
DA:12,1
DA:29,1
DA:30,1
DA:31,1
DA:48,1
DA:49,1
DA:50,1
DA:87,1
DA:88,1
DA:90,1
DA:127,1
DA:128,1
DA:129,1
DA:141,1
DA:142,1
DA:143,1
LF:23
LH:23
BRF:0
BRH:0
end_of_record
TN:
SF:/Users/tnrich/Sites/openVectorEditor/app/ve-sequence-utils/getOrfsFromSequence.test.js
FN:7,(anonymous_1)
FN:8,(anonymous_2)
FN:25,(anonymous_3)
FN:54,(anonymous_4)
FN:71,(anonymous_5)
FN:88,(anonymous_6)
FN:105,(anonymous_7)
FN:122,(anonymous_8)
FNF:8
FNH:8
FNDA:1,(anonymous_1)
FNDA:1,(anonymous_2)
FNDA:1,(anonymous_3)
FNDA:1,(anonymous_4)
FNDA:1,(anonymous_5)
FNDA:1,(anonymous_6)
FNDA:1,(anonymous_7)
FNDA:1,(anonymous_8)
DA:3,1
DA:5,1
DA:7,1
DA:8,1
DA:9,1
DA:15,1
DA:16,1
DA:25,1
DA:26,1
DA:44,1
DA:45,1
DA:46,1
DA:47,1
DA:48,1
DA:49,1
DA:50,1
DA:51,1
DA:52,1
DA:54,1
DA:55,1
DA:61,1
DA:62,1
DA:63,1
DA:64,1
DA:65,1
DA:66,1
DA:67,1
DA:68,1
DA:69,1
DA:71,1
DA:72,1
DA:78,1
DA:79,1
DA:80,1
DA:81,1
DA:82,1
DA:83,1
DA:84,1
DA:85,1
DA:86,1
DA:88,1
DA:89,1
DA:95,1
DA:96,1
DA:97,1
DA:98,1
DA:99,1
DA:100,1
DA:101,1
DA:102,1
DA:103,1
DA:105,1
DA:106,1
DA:112,1
DA:113,1
DA:114,1
DA:115,1
DA:116,1
DA:117,1
DA:118,1
DA:119,1
DA:120,1
DA:122,1
DA:123,1
DA:129,1
DA:130,1
LF:66
LH:66
BRF:0
BRH:0
end_of_record
TN:
SF:/Users/tnrich/Sites/openVectorEditor/app/ve-sequence-utils/insertSequenceDataAtPosition.test.js
FN:12,(anonymous_1)
FN:13,(anonymous_2)
FN:26,(anonymous_3)
FNF:3
FNH:3
FNDA:1,(anonymous_1)
FNDA:1,(anonymous_2)
FNDA:1,(anonymous_3)
DA:4,1
DA:5,1
DA:6,1
DA:7,1
DA:9,1
DA:10,1
DA:12,1
DA:13,1
DA:14,1
DA:17,1
DA:20,1
DA:21,1
DA:22,1
DA:23,1
DA:24,1
DA:26,1
DA:27,1
DA:30,1
DA:34,1
DA:35,1
DA:36,1
DA:37,1
DA:38,1
DA:39,1
DA:40,1
LF:25
LH:25
BRF:0
BRH:0
end_of_record
